
[1D] job 1/45 | hiddenLayers=2 | neurons=20 | fold=1/5 | seed=53001
[1D] H=2 N=20 fold=1 epoch=1/500 loss=3.906155e+00 elapsed=0.7s
[1D] H=2 N=20 fold=1 epoch=50/500 loss=4.790363e-02 elapsed=2.0s
[1D] H=2 N=20 fold=1 epoch=100/500 loss=3.341333e-02 elapsed=3.1s
[1D] H=2 N=20 fold=1 epoch=150/500 loss=2.796964e-02 elapsed=4.2s
[1D] H=2 N=20 fold=1 epoch=200/500 loss=2.502474e-02 elapsed=6.0s
[1D] H=2 N=20 fold=1 epoch=250/500 loss=2.311194e-02 elapsed=7.1s
[1D] H=2 N=20 fold=1 epoch=300/500 loss=2.169186e-02 elapsed=8.2s
[1D] H=2 N=20 fold=1 epoch=350/500 loss=2.055398e-02 elapsed=9.4s
[1D] H=2 N=20 fold=1 epoch=400/500 loss=1.959820e-02 elapsed=10.5s
[1D] H=2 N=20 fold=1 epoch=450/500 loss=1.876829e-02 elapsed=11.6s
[1D] H=2 N=20 fold=1 epoch=500/500 loss=1.803078e-02 elapsed=12.7s

[1D] job 2/45 | hiddenLayers=2 | neurons=20 | fold=2/5 | seed=53002
[1D] H=2 N=20 fold=2 epoch=1/500 loss=4.686261e+00 elapsed=0.1s
[1D] H=2 N=20 fold=2 epoch=50/500 loss=5.359207e-02 elapsed=1.3s
[1D] H=2 N=20 fold=2 epoch=100/500 loss=4.092812e-02 elapsed=2.4s
[1D] H=2 N=20 fold=2 epoch=150/500 loss=3.556721e-02 elapsed=3.5s
[1D] H=2 N=20 fold=2 epoch=200/500 loss=3.166502e-02 elapsed=4.6s
[1D] H=2 N=20 fold=2 epoch=250/500 loss=2.891475e-02 elapsed=5.7s
[1D] H=2 N=20 fold=2 epoch=300/500 loss=2.678083e-02 elapsed=6.8s
[1D] H=2 N=20 fold=2 epoch=350/500 loss=2.495280e-02 elapsed=7.9s
[1D] H=2 N=20 fold=2 epoch=400/500 loss=2.333807e-02 elapsed=9.0s
[1D] H=2 N=20 fold=2 epoch=450/500 loss=2.192321e-02 elapsed=10.1s
[1D] H=2 N=20 fold=2 epoch=500/500 loss=2.070114e-02 elapsed=11.2s

[1D] job 3/45 | hiddenLayers=2 | neurons=20 | fold=3/5 | seed=53003
[1D] H=2 N=20 fold=3 epoch=1/500 loss=3.439966e-01 elapsed=0.1s
[1D] H=2 N=20 fold=3 epoch=50/500 loss=2.715258e-02 elapsed=1.2s
[1D] H=2 N=20 fold=3 epoch=100/500 loss=1.892973e-02 elapsed=2.3s
[1D] H=2 N=20 fold=3 epoch=150/500 loss=1.566468e-02 elapsed=3.4s
[1D] H=2 N=20 fold=3 epoch=200/500 loss=1.361881e-02 elapsed=4.4s
[1D] H=2 N=20 fold=3 epoch=250/500 loss=1.204736e-02 elapsed=5.5s
[1D] H=2 N=20 fold=3 epoch=300/500 loss=1.077960e-02 elapsed=6.6s
[1D] H=2 N=20 fold=3 epoch=350/500 loss=9.754735e-03 elapsed=7.6s
[1D] H=2 N=20 fold=3 epoch=400/500 loss=8.923509e-03 elapsed=8.7s
[1D] H=2 N=20 fold=3 epoch=450/500 loss=8.229068e-03 elapsed=9.8s
[1D] H=2 N=20 fold=3 epoch=500/500 loss=7.635379e-03 elapsed=10.9s

[1D] job 4/45 | hiddenLayers=2 | neurons=20 | fold=4/5 | seed=53004
[1D] H=2 N=20 fold=4 epoch=1/500 loss=1.869702e+01 elapsed=0.0s
[1D] H=2 N=20 fold=4 epoch=50/500 loss=9.639277e-02 elapsed=1.1s
[1D] H=2 N=20 fold=4 epoch=100/500 loss=5.088478e-02 elapsed=2.2s
[1D] H=2 N=20 fold=4 epoch=150/500 loss=4.167305e-02 elapsed=3.2s
[1D] H=2 N=20 fold=4 epoch=200/500 loss=3.587574e-02 elapsed=4.3s
[1D] H=2 N=20 fold=4 epoch=250/500 loss=3.204071e-02 elapsed=5.4s
[1D] H=2 N=20 fold=4 epoch=300/500 loss=2.940131e-02 elapsed=6.4s
[1D] H=2 N=20 fold=4 epoch=350/500 loss=2.746889e-02 elapsed=7.5s
[1D] H=2 N=20 fold=4 epoch=400/500 loss=2.597104e-02 elapsed=8.6s
[1D] H=2 N=20 fold=4 epoch=450/500 loss=2.475165e-02 elapsed=9.6s
[1D] H=2 N=20 fold=4 epoch=500/500 loss=2.372392e-02 elapsed=10.7s

[1D] job 5/45 | hiddenLayers=2 | neurons=20 | fold=5/5 | seed=53005
[1D] H=2 N=20 fold=5 epoch=1/500 loss=1.376712e+01 elapsed=0.0s
[1D] H=2 N=20 fold=5 epoch=50/500 loss=8.177587e-02 elapsed=1.1s
[1D] H=2 N=20 fold=5 epoch=100/500 loss=5.434597e-02 elapsed=2.1s
[1D] H=2 N=20 fold=5 epoch=150/500 loss=4.843650e-02 elapsed=3.2s
[1D] H=2 N=20 fold=5 epoch=200/500 loss=4.503802e-02 elapsed=4.3s
[1D] H=2 N=20 fold=5 epoch=250/500 loss=4.220140e-02 elapsed=5.4s
[1D] H=2 N=20 fold=5 epoch=300/500 loss=3.972488e-02 elapsed=6.4s
[1D] H=2 N=20 fold=5 epoch=350/500 loss=3.753332e-02 elapsed=7.5s
[1D] H=2 N=20 fold=5 epoch=400/500 loss=3.557461e-02 elapsed=8.6s
[1D] H=2 N=20 fold=5 epoch=450/500 loss=3.382680e-02 elapsed=9.6s
[1D] H=2 N=20 fold=5 epoch=500/500 loss=3.226973e-02 elapsed=10.7s

[1D] job 6/45 | hiddenLayers=2 | neurons=40 | fold=1/5 | seed=55001
[1D] H=2 N=40 fold=1 epoch=1/500 loss=3.716855e-01 elapsed=0.0s
[1D] H=2 N=40 fold=1 epoch=50/500 loss=3.001577e-02 elapsed=1.1s
[1D] H=2 N=40 fold=1 epoch=100/500 loss=2.092043e-02 elapsed=2.2s
[1D] H=2 N=40 fold=1 epoch=150/500 loss=1.702277e-02 elapsed=3.2s
[1D] H=2 N=40 fold=1 epoch=200/500 loss=1.431670e-02 elapsed=4.3s
[1D] H=2 N=40 fold=1 epoch=250/500 loss=1.227553e-02 elapsed=5.4s
[1D] H=2 N=40 fold=1 epoch=300/500 loss=1.098418e-02 elapsed=6.4s
[1D] H=2 N=40 fold=1 epoch=350/500 loss=1.006808e-02 elapsed=7.5s
[1D] H=2 N=40 fold=1 epoch=400/500 loss=9.345324e-03 elapsed=8.5s
[1D] H=2 N=40 fold=1 epoch=450/500 loss=8.730533e-03 elapsed=9.6s
[1D] H=2 N=40 fold=1 epoch=500/500 loss=8.181614e-03 elapsed=10.7s

[1D] job 7/45 | hiddenLayers=2 | neurons=40 | fold=2/5 | seed=55002
[1D] H=2 N=40 fold=2 epoch=1/500 loss=1.452049e+00 elapsed=0.0s
[1D] H=2 N=40 fold=2 epoch=50/500 loss=3.595957e-02 elapsed=1.1s
[1D] H=2 N=40 fold=2 epoch=100/500 loss=2.248782e-02 elapsed=2.2s
[1D] H=2 N=40 fold=2 epoch=150/500 loss=1.910938e-02 elapsed=3.2s
[1D] H=2 N=40 fold=2 epoch=200/500 loss=1.723805e-02 elapsed=4.3s
[1D] H=2 N=40 fold=2 epoch=250/500 loss=1.578524e-02 elapsed=5.7s
[1D] H=2 N=40 fold=2 epoch=300/500 loss=1.461424e-02 elapsed=6.9s
[1D] H=2 N=40 fold=2 epoch=350/500 loss=1.364894e-02 elapsed=8.0s
[1D] H=2 N=40 fold=2 epoch=400/500 loss=1.280844e-02 elapsed=9.0s
[1D] H=2 N=40 fold=2 epoch=450/500 loss=1.204128e-02 elapsed=10.1s
[1D] H=2 N=40 fold=2 epoch=500/500 loss=1.132993e-02 elapsed=11.2s

[1D] job 8/45 | hiddenLayers=2 | neurons=40 | fold=3/5 | seed=55003
[1D] H=2 N=40 fold=3 epoch=1/500 loss=4.718049e-01 elapsed=0.0s
[1D] H=2 N=40 fold=3 epoch=50/500 loss=3.249108e-02 elapsed=1.1s
[1D] H=2 N=40 fold=3 epoch=100/500 loss=2.188730e-02 elapsed=2.4s
[1D] H=2 N=40 fold=3 epoch=150/500 loss=1.711082e-02 elapsed=3.5s
[1D] H=2 N=40 fold=3 epoch=200/500 loss=1.394499e-02 elapsed=4.6s
[1D] H=2 N=40 fold=3 epoch=250/500 loss=1.203125e-02 elapsed=5.6s
[1D] H=2 N=40 fold=3 epoch=300/500 loss=1.071168e-02 elapsed=6.7s
[1D] H=2 N=40 fold=3 epoch=350/500 loss=9.738318e-03 elapsed=7.8s
[1D] H=2 N=40 fold=3 epoch=400/500 loss=8.962876e-03 elapsed=8.9s
[1D] H=2 N=40 fold=3 epoch=450/500 loss=8.310337e-03 elapsed=10.0s
[1D] H=2 N=40 fold=3 epoch=500/500 loss=7.744673e-03 elapsed=11.0s

[1D] job 9/45 | hiddenLayers=2 | neurons=40 | fold=4/5 | seed=55004
[1D] H=2 N=40 fold=4 epoch=1/500 loss=1.342967e+00 elapsed=0.0s
[1D] H=2 N=40 fold=4 epoch=50/500 loss=2.794374e-02 elapsed=1.1s
[1D] H=2 N=40 fold=4 epoch=100/500 loss=1.883079e-02 elapsed=2.1s
[1D] H=2 N=40 fold=4 epoch=150/500 loss=1.599537e-02 elapsed=3.2s
[1D] H=2 N=40 fold=4 epoch=200/500 loss=1.410349e-02 elapsed=4.3s
[1D] H=2 N=40 fold=4 epoch=250/500 loss=1.277244e-02 elapsed=5.4s
[1D] H=2 N=40 fold=4 epoch=300/500 loss=1.179919e-02 elapsed=6.4s
[1D] H=2 N=40 fold=4 epoch=350/500 loss=1.105167e-02 elapsed=7.5s
[1D] H=2 N=40 fold=4 epoch=400/500 loss=1.045463e-02 elapsed=8.6s
[1D] H=2 N=40 fold=4 epoch=450/500 loss=9.955373e-03 elapsed=9.7s
[1D] H=2 N=40 fold=4 epoch=500/500 loss=9.517344e-03 elapsed=10.7s

[1D] job 10/45 | hiddenLayers=2 | neurons=40 | fold=5/5 | seed=55005
[1D] H=2 N=40 fold=5 epoch=1/500 loss=1.495140e+01 elapsed=0.0s
[1D] H=2 N=40 fold=5 epoch=50/500 loss=4.849727e-02 elapsed=1.1s
[1D] H=2 N=40 fold=5 epoch=100/500 loss=3.299224e-02 elapsed=2.1s
[1D] H=2 N=40 fold=5 epoch=150/500 loss=2.687681e-02 elapsed=3.2s
[1D] H=2 N=40 fold=5 epoch=200/500 loss=2.356743e-02 elapsed=4.3s
[1D] H=2 N=40 fold=5 epoch=250/500 loss=2.132198e-02 elapsed=5.4s
[1D] H=2 N=40 fold=5 epoch=300/500 loss=1.970001e-02 elapsed=6.4s
[1D] H=2 N=40 fold=5 epoch=350/500 loss=1.851765e-02 elapsed=7.5s
[1D] H=2 N=40 fold=5 epoch=400/500 loss=1.761067e-02 elapsed=8.6s
[1D] H=2 N=40 fold=5 epoch=450/500 loss=1.686877e-02 elapsed=9.7s
[1D] H=2 N=40 fold=5 epoch=500/500 loss=1.622940e-02 elapsed=10.8s

[1D] job 11/45 | hiddenLayers=2 | neurons=80 | fold=1/5 | seed=59001
[1D] H=2 N=80 fold=1 epoch=1/500 loss=4.187990e+00 elapsed=0.0s
[1D] H=2 N=80 fold=1 epoch=50/500 loss=7.436667e-02 elapsed=1.1s
[1D] H=2 N=80 fold=1 epoch=100/500 loss=4.377586e-02 elapsed=2.1s
[1D] H=2 N=80 fold=1 epoch=150/500 loss=3.779594e-02 elapsed=3.1s
[1D] H=2 N=80 fold=1 epoch=200/500 loss=3.267151e-02 elapsed=4.1s
[1D] H=2 N=80 fold=1 epoch=250/500 loss=2.817195e-02 elapsed=5.2s
[1D] H=2 N=80 fold=1 epoch=300/500 loss=2.506100e-02 elapsed=6.2s
[1D] H=2 N=80 fold=1 epoch=350/500 loss=2.288699e-02 elapsed=7.3s
[1D] H=2 N=80 fold=1 epoch=400/500 loss=2.129818e-02 elapsed=8.3s
[1D] H=2 N=80 fold=1 epoch=450/500 loss=2.006841e-02 elapsed=9.3s
[1D] H=2 N=80 fold=1 epoch=500/500 loss=1.905237e-02 elapsed=10.4s

[1D] job 12/45 | hiddenLayers=2 | neurons=80 | fold=2/5 | seed=59002
[1D] H=2 N=80 fold=2 epoch=1/500 loss=8.786725e+00 elapsed=0.0s
[1D] H=2 N=80 fold=2 epoch=50/500 loss=7.322747e-02 elapsed=1.0s
[1D] H=2 N=80 fold=2 epoch=100/500 loss=4.064678e-02 elapsed=2.1s
[1D] H=2 N=80 fold=2 epoch=150/500 loss=3.271404e-02 elapsed=3.1s
[1D] H=2 N=80 fold=2 epoch=200/500 loss=2.702122e-02 elapsed=4.2s
[1D] H=2 N=80 fold=2 epoch=250/500 loss=2.353127e-02 elapsed=5.2s
[1D] H=2 N=80 fold=2 epoch=300/500 loss=2.123748e-02 elapsed=6.3s
[1D] H=2 N=80 fold=2 epoch=350/500 loss=1.949495e-02 elapsed=7.3s
[1D] H=2 N=80 fold=2 epoch=400/500 loss=1.809036e-02 elapsed=8.3s
[1D] H=2 N=80 fold=2 epoch=450/500 loss=1.692352e-02 elapsed=9.3s
[1D] H=2 N=80 fold=2 epoch=500/500 loss=1.593481e-02 elapsed=10.3s

[1D] job 13/45 | hiddenLayers=2 | neurons=80 | fold=3/5 | seed=59003
[1D] H=2 N=80 fold=3 epoch=1/500 loss=1.008006e+00 elapsed=0.0s
[1D] H=2 N=80 fold=3 epoch=50/500 loss=9.840486e-02 elapsed=1.0s
[1D] H=2 N=80 fold=3 epoch=100/500 loss=4.217753e-02 elapsed=2.1s
[1D] H=2 N=80 fold=3 epoch=150/500 loss=3.946282e-02 elapsed=3.1s
[1D] H=2 N=80 fold=3 epoch=200/500 loss=3.749810e-02 elapsed=4.2s
[1D] H=2 N=80 fold=3 epoch=250/500 loss=3.571763e-02 elapsed=5.2s
[1D] H=2 N=80 fold=3 epoch=300/500 loss=3.407487e-02 elapsed=6.2s
[1D] H=2 N=80 fold=3 epoch=350/500 loss=3.257099e-02 elapsed=7.2s
[1D] H=2 N=80 fold=3 epoch=400/500 loss=3.120006e-02 elapsed=8.3s
[1D] H=2 N=80 fold=3 epoch=450/500 loss=2.995946e-02 elapsed=9.3s
[1D] H=2 N=80 fold=3 epoch=500/500 loss=2.883229e-02 elapsed=10.3s

[1D] job 14/45 | hiddenLayers=2 | neurons=80 | fold=4/5 | seed=59004
[1D] H=2 N=80 fold=4 epoch=1/500 loss=1.155185e+01 elapsed=0.0s
[1D] H=2 N=80 fold=4 epoch=50/500 loss=8.479522e-02 elapsed=1.1s
[1D] H=2 N=80 fold=4 epoch=100/500 loss=3.693100e-02 elapsed=2.1s
[1D] H=2 N=80 fold=4 epoch=150/500 loss=3.202456e-02 elapsed=3.2s
[1D] H=2 N=80 fold=4 epoch=200/500 loss=2.853863e-02 elapsed=4.2s
[1D] H=2 N=80 fold=4 epoch=250/500 loss=2.584087e-02 elapsed=5.3s
[1D] H=2 N=80 fold=4 epoch=300/500 loss=2.357172e-02 elapsed=6.3s
[1D] H=2 N=80 fold=4 epoch=350/500 loss=2.181268e-02 elapsed=7.4s
[1D] H=2 N=80 fold=4 epoch=400/500 loss=2.030283e-02 elapsed=8.4s
[1D] H=2 N=80 fold=4 epoch=450/500 loss=1.893100e-02 elapsed=9.5s
[1D] H=2 N=80 fold=4 epoch=500/500 loss=1.765473e-02 elapsed=10.5s

[1D] job 15/45 | hiddenLayers=2 | neurons=80 | fold=5/5 | seed=59005
[1D] H=2 N=80 fold=5 epoch=1/500 loss=2.246595e+00 elapsed=0.0s
[1D] H=2 N=80 fold=5 epoch=50/500 loss=5.227995e-02 elapsed=1.1s
[1D] H=2 N=80 fold=5 epoch=100/500 loss=3.346594e-02 elapsed=2.1s
[1D] H=2 N=80 fold=5 epoch=150/500 loss=3.031077e-02 elapsed=3.2s
[1D] H=2 N=80 fold=5 epoch=200/500 loss=2.765385e-02 elapsed=4.3s
[1D] H=2 N=80 fold=5 epoch=250/500 loss=2.521441e-02 elapsed=5.3s
[1D] H=2 N=80 fold=5 epoch=300/500 loss=2.306714e-02 elapsed=6.3s
[1D] H=2 N=80 fold=5 epoch=350/500 loss=2.129608e-02 elapsed=7.3s
[1D] H=2 N=80 fold=5 epoch=400/500 loss=1.980704e-02 elapsed=8.4s
[1D] H=2 N=80 fold=5 epoch=450/500 loss=1.853259e-02 elapsed=9.4s
[1D] H=2 N=80 fold=5 epoch=500/500 loss=1.743622e-02 elapsed=10.4s

[1D] job 16/45 | hiddenLayers=4 | neurons=20 | fold=1/5 | seed=73001
[1D] H=4 N=20 fold=1 epoch=1/500 loss=1.755871e-01 elapsed=0.0s
[1D] H=4 N=20 fold=1 epoch=50/500 loss=3.116102e-02 elapsed=1.2s
[1D] H=4 N=20 fold=1 epoch=100/500 loss=1.302230e-02 elapsed=2.5s
[1D] H=4 N=20 fold=1 epoch=150/500 loss=8.354309e-03 elapsed=3.8s
[1D] H=4 N=20 fold=1 epoch=200/500 loss=5.864929e-03 elapsed=5.0s
[1D] H=4 N=20 fold=1 epoch=250/500 loss=4.503336e-03 elapsed=6.4s
[1D] H=4 N=20 fold=1 epoch=300/500 loss=3.712276e-03 elapsed=8.1s
[1D] H=4 N=20 fold=1 epoch=350/500 loss=3.212790e-03 elapsed=9.4s
[1D] H=4 N=20 fold=1 epoch=400/500 loss=2.874429e-03 elapsed=10.7s
[1D] H=4 N=20 fold=1 epoch=450/500 loss=2.621833e-03 elapsed=12.0s
[1D] H=4 N=20 fold=1 epoch=500/500 loss=2.427942e-03 elapsed=13.3s

[1D] job 17/45 | hiddenLayers=4 | neurons=20 | fold=2/5 | seed=73002
[1D] H=4 N=20 fold=2 epoch=1/500 loss=6.643285e-01 elapsed=0.0s
[1D] H=4 N=20 fold=2 epoch=50/500 loss=3.590072e-02 elapsed=1.6s
[1D] H=4 N=20 fold=2 epoch=100/500 loss=2.640274e-02 elapsed=2.9s
[1D] H=4 N=20 fold=2 epoch=150/500 loss=1.891727e-02 elapsed=4.2s
[1D] H=4 N=20 fold=2 epoch=200/500 loss=1.496974e-02 elapsed=5.5s
[1D] H=4 N=20 fold=2 epoch=250/500 loss=1.295868e-02 elapsed=6.8s
[1D] H=4 N=20 fold=2 epoch=300/500 loss=1.144392e-02 elapsed=8.1s
[1D] H=4 N=20 fold=2 epoch=350/500 loss=1.014205e-02 elapsed=9.5s
[1D] H=4 N=20 fold=2 epoch=400/500 loss=8.978738e-03 elapsed=10.8s
[1D] H=4 N=20 fold=2 epoch=450/500 loss=7.927723e-03 elapsed=12.1s
[1D] H=4 N=20 fold=2 epoch=500/500 loss=6.993478e-03 elapsed=13.5s

[1D] job 18/45 | hiddenLayers=4 | neurons=20 | fold=3/5 | seed=73003
[1D] H=4 N=20 fold=3 epoch=1/500 loss=3.995838e+00 elapsed=0.0s
[1D] H=4 N=20 fold=3 epoch=50/500 loss=5.132117e-02 elapsed=1.3s
[1D] H=4 N=20 fold=3 epoch=100/500 loss=4.188412e-02 elapsed=2.6s
[1D] H=4 N=20 fold=3 epoch=150/500 loss=3.425174e-02 elapsed=4.0s
[1D] H=4 N=20 fold=3 epoch=200/500 loss=2.602412e-02 elapsed=5.3s
[1D] H=4 N=20 fold=3 epoch=250/500 loss=1.969994e-02 elapsed=6.6s
[1D] H=4 N=20 fold=3 epoch=300/500 loss=1.658369e-02 elapsed=8.0s
[1D] H=4 N=20 fold=3 epoch=350/500 loss=1.470021e-02 elapsed=9.3s
[1D] H=4 N=20 fold=3 epoch=400/500 loss=1.331844e-02 elapsed=10.6s
[1D] H=4 N=20 fold=3 epoch=450/500 loss=1.224422e-02 elapsed=11.9s
[1D] H=4 N=20 fold=3 epoch=500/500 loss=1.139180e-02 elapsed=13.2s

[1D] job 19/45 | hiddenLayers=4 | neurons=20 | fold=4/5 | seed=73004
[1D] H=4 N=20 fold=4 epoch=1/500 loss=1.358585e+00 elapsed=0.0s
[1D] H=4 N=20 fold=4 epoch=50/500 loss=3.378827e-02 elapsed=1.3s
[1D] H=4 N=20 fold=4 epoch=100/500 loss=2.186487e-02 elapsed=2.6s
[1D] H=4 N=20 fold=4 epoch=150/500 loss=1.450105e-02 elapsed=3.9s
[1D] H=4 N=20 fold=4 epoch=200/500 loss=1.005218e-02 elapsed=5.1s
[1D] H=4 N=20 fold=4 epoch=250/500 loss=7.082628e-03 elapsed=6.4s
[1D] H=4 N=20 fold=4 epoch=300/500 loss=5.144473e-03 elapsed=7.6s
[1D] H=4 N=20 fold=4 epoch=350/500 loss=3.822475e-03 elapsed=8.9s
[1D] H=4 N=20 fold=4 epoch=400/500 loss=3.006734e-03 elapsed=10.1s
[1D] H=4 N=20 fold=4 epoch=450/500 loss=2.468348e-03 elapsed=11.4s
[1D] H=4 N=20 fold=4 epoch=500/500 loss=2.097319e-03 elapsed=12.7s

[1D] job 20/45 | hiddenLayers=4 | neurons=20 | fold=5/5 | seed=73005
[1D] H=4 N=20 fold=5 epoch=1/500 loss=1.204643e+00 elapsed=0.0s
[1D] H=4 N=20 fold=5 epoch=50/500 loss=3.269692e-02 elapsed=1.2s
[1D] H=4 N=20 fold=5 epoch=100/500 loss=1.737686e-02 elapsed=2.5s
[1D] H=4 N=20 fold=5 epoch=150/500 loss=1.211347e-02 elapsed=3.7s
[1D] H=4 N=20 fold=5 epoch=200/500 loss=8.333200e-03 elapsed=5.0s
[1D] H=4 N=20 fold=5 epoch=250/500 loss=5.695621e-03 elapsed=6.2s
[1D] H=4 N=20 fold=5 epoch=300/500 loss=4.484113e-03 elapsed=7.5s
[1D] H=4 N=20 fold=5 epoch=350/500 loss=3.805846e-03 elapsed=8.7s
[1D] H=4 N=20 fold=5 epoch=400/500 loss=3.320754e-03 elapsed=10.0s
[1D] H=4 N=20 fold=5 epoch=450/500 loss=2.943311e-03 elapsed=11.2s
[1D] H=4 N=20 fold=5 epoch=500/500 loss=2.635520e-03 elapsed=12.5s

[1D] job 21/45 | hiddenLayers=4 | neurons=40 | fold=1/5 | seed=75001
[1D] H=4 N=40 fold=1 epoch=1/500 loss=2.643565e-01 elapsed=0.0s
[1D] H=4 N=40 fold=1 epoch=50/500 loss=4.893983e-02 elapsed=1.3s
[1D] H=4 N=40 fold=1 epoch=100/500 loss=4.393889e-02 elapsed=2.6s
[1D] H=4 N=40 fold=1 epoch=150/500 loss=3.932591e-02 elapsed=4.0s
[1D] H=4 N=40 fold=1 epoch=200/500 loss=3.306448e-02 elapsed=5.3s
[1D] H=4 N=40 fold=1 epoch=250/500 loss=2.597683e-02 elapsed=6.6s
[1D] H=4 N=40 fold=1 epoch=300/500 loss=2.120702e-02 elapsed=7.9s
[1D] H=4 N=40 fold=1 epoch=350/500 loss=1.702552e-02 elapsed=9.3s
[1D] H=4 N=40 fold=1 epoch=400/500 loss=1.283337e-02 elapsed=10.6s
[1D] H=4 N=40 fold=1 epoch=450/500 loss=9.680929e-03 elapsed=11.9s
[1D] H=4 N=40 fold=1 epoch=500/500 loss=7.769181e-03 elapsed=13.2s

[1D] job 22/45 | hiddenLayers=4 | neurons=40 | fold=2/5 | seed=75002
[1D] H=4 N=40 fold=2 epoch=1/500 loss=5.803411e-01 elapsed=0.0s
[1D] H=4 N=40 fold=2 epoch=50/500 loss=6.591007e-02 elapsed=1.3s
[1D] H=4 N=40 fold=2 epoch=100/500 loss=4.878213e-02 elapsed=2.7s
[1D] H=4 N=40 fold=2 epoch=150/500 loss=4.216580e-02 elapsed=3.9s
[1D] H=4 N=40 fold=2 epoch=200/500 loss=3.638608e-02 elapsed=5.2s
[1D] H=4 N=40 fold=2 epoch=250/500 loss=3.114317e-02 elapsed=6.5s
[1D] H=4 N=40 fold=2 epoch=300/500 loss=2.731128e-02 elapsed=7.7s
[1D] H=4 N=40 fold=2 epoch=350/500 loss=2.416841e-02 elapsed=9.0s
[1D] H=4 N=40 fold=2 epoch=400/500 loss=2.132466e-02 elapsed=10.3s
[1D] H=4 N=40 fold=2 epoch=450/500 loss=1.891351e-02 elapsed=11.6s
[1D] H=4 N=40 fold=2 epoch=500/500 loss=1.692184e-02 elapsed=12.9s

[1D] job 23/45 | hiddenLayers=4 | neurons=40 | fold=3/5 | seed=75003
[1D] H=4 N=40 fold=3 epoch=1/500 loss=6.080904e+01 elapsed=0.0s
[1D] H=4 N=40 fold=3 epoch=50/500 loss=6.543393e-02 elapsed=1.3s
[1D] H=4 N=40 fold=3 epoch=100/500 loss=5.429730e-02 elapsed=2.6s
[1D] H=4 N=40 fold=3 epoch=150/500 loss=4.783099e-02 elapsed=3.9s
[1D] H=4 N=40 fold=3 epoch=200/500 loss=4.127314e-02 elapsed=5.2s
[1D] H=4 N=40 fold=3 epoch=250/500 loss=3.482765e-02 elapsed=6.5s
[1D] H=4 N=40 fold=3 epoch=300/500 loss=2.938914e-02 elapsed=7.8s
[1D] H=4 N=40 fold=3 epoch=350/500 loss=2.511868e-02 elapsed=9.1s
[1D] H=4 N=40 fold=3 epoch=400/500 loss=2.185634e-02 elapsed=10.4s
[1D] H=4 N=40 fold=3 epoch=450/500 loss=1.929372e-02 elapsed=11.7s
[1D] H=4 N=40 fold=3 epoch=500/500 loss=1.720435e-02 elapsed=13.0s

[1D] job 24/45 | hiddenLayers=4 | neurons=40 | fold=4/5 | seed=75004
[1D] H=4 N=40 fold=4 epoch=1/500 loss=1.028547e+00 elapsed=0.0s
[1D] H=4 N=40 fold=4 epoch=50/500 loss=5.358568e-02 elapsed=1.3s
[1D] H=4 N=40 fold=4 epoch=100/500 loss=3.734821e-02 elapsed=2.6s
[1D] H=4 N=40 fold=4 epoch=150/500 loss=3.046894e-02 elapsed=3.9s
[1D] H=4 N=40 fold=4 epoch=200/500 loss=2.613403e-02 elapsed=5.1s
[1D] H=4 N=40 fold=4 epoch=250/500 loss=2.309768e-02 elapsed=6.5s
[1D] H=4 N=40 fold=4 epoch=300/500 loss=2.049974e-02 elapsed=7.8s
[1D] H=4 N=40 fold=4 epoch=350/500 loss=1.822522e-02 elapsed=9.1s
[1D] H=4 N=40 fold=4 epoch=400/500 loss=1.609565e-02 elapsed=10.3s
[1D] H=4 N=40 fold=4 epoch=450/500 loss=1.409347e-02 elapsed=11.6s
[1D] H=4 N=40 fold=4 epoch=500/500 loss=1.229839e-02 elapsed=12.9s

[1D] job 25/45 | hiddenLayers=4 | neurons=40 | fold=5/5 | seed=75005
[1D] H=4 N=40 fold=5 epoch=1/500 loss=2.672732e-01 elapsed=0.0s
[1D] H=4 N=40 fold=5 epoch=50/500 loss=2.995435e-02 elapsed=1.3s
[1D] H=4 N=40 fold=5 epoch=100/500 loss=1.508086e-02 elapsed=2.6s
[1D] H=4 N=40 fold=5 epoch=150/500 loss=6.980606e-03 elapsed=4.0s
[1D] H=4 N=40 fold=5 epoch=200/500 loss=4.034338e-03 elapsed=5.2s
[1D] H=4 N=40 fold=5 epoch=250/500 loss=2.888213e-03 elapsed=6.5s
[1D] H=4 N=40 fold=5 epoch=300/500 loss=2.336829e-03 elapsed=7.8s
[1D] H=4 N=40 fold=5 epoch=350/500 loss=1.990640e-03 elapsed=9.1s
[1D] H=4 N=40 fold=5 epoch=400/500 loss=1.749700e-03 elapsed=10.4s
[1D] H=4 N=40 fold=5 epoch=450/500 loss=1.572640e-03 elapsed=11.6s
[1D] H=4 N=40 fold=5 epoch=500/500 loss=1.428132e-03 elapsed=12.9s

[1D] job 26/45 | hiddenLayers=4 | neurons=80 | fold=1/5 | seed=79001
[1D] H=4 N=80 fold=1 epoch=1/500 loss=1.841543e+00 elapsed=0.0s
[1D] H=4 N=80 fold=1 epoch=50/500 loss=5.765149e-02 elapsed=1.3s
[1D] H=4 N=80 fold=1 epoch=100/500 loss=4.530055e-02 elapsed=2.5s
[1D] H=4 N=80 fold=1 epoch=150/500 loss=3.672951e-02 elapsed=4.2s
[1D] H=4 N=80 fold=1 epoch=200/500 loss=3.014180e-02 elapsed=5.5s
[1D] H=4 N=80 fold=1 epoch=250/500 loss=2.565751e-02 elapsed=6.8s
[1D] H=4 N=80 fold=1 epoch=300/500 loss=2.244399e-02 elapsed=8.2s
[1D] H=4 N=80 fold=1 epoch=350/500 loss=1.964859e-02 elapsed=9.5s
[1D] H=4 N=80 fold=1 epoch=400/500 loss=1.699852e-02 elapsed=10.8s
[1D] H=4 N=80 fold=1 epoch=450/500 loss=1.456942e-02 elapsed=12.4s
[1D] H=4 N=80 fold=1 epoch=500/500 loss=1.252492e-02 elapsed=13.7s

[1D] job 27/45 | hiddenLayers=4 | neurons=80 | fold=2/5 | seed=79002
[1D] H=4 N=80 fold=2 epoch=1/500 loss=4.695332e-01 elapsed=0.0s
[1D] H=4 N=80 fold=2 epoch=50/500 loss=5.188400e-02 elapsed=1.3s
[1D] H=4 N=80 fold=2 epoch=100/500 loss=3.709331e-02 elapsed=2.6s
[1D] H=4 N=80 fold=2 epoch=150/500 loss=2.988479e-02 elapsed=3.9s
[1D] H=4 N=80 fold=2 epoch=200/500 loss=2.334943e-02 elapsed=5.2s
[1D] H=4 N=80 fold=2 epoch=250/500 loss=1.765733e-02 elapsed=6.5s
[1D] H=4 N=80 fold=2 epoch=300/500 loss=1.325775e-02 elapsed=7.8s
[1D] H=4 N=80 fold=2 epoch=350/500 loss=9.832211e-03 elapsed=9.1s
[1D] H=4 N=80 fold=2 epoch=400/500 loss=7.643559e-03 elapsed=10.4s
[1D] H=4 N=80 fold=2 epoch=450/500 loss=6.030585e-03 elapsed=11.7s
[1D] H=4 N=80 fold=2 epoch=500/500 loss=4.762281e-03 elapsed=13.0s

[1D] job 28/45 | hiddenLayers=4 | neurons=80 | fold=3/5 | seed=79003
[1D] H=4 N=80 fold=3 epoch=1/500 loss=3.047898e+01 elapsed=0.0s
[1D] H=4 N=80 fold=3 epoch=50/500 loss=5.646380e-02 elapsed=1.3s
[1D] H=4 N=80 fold=3 epoch=100/500 loss=5.064549e-02 elapsed=2.6s
[1D] H=4 N=80 fold=3 epoch=150/500 loss=4.732328e-02 elapsed=4.0s
[1D] H=4 N=80 fold=3 epoch=200/500 loss=4.525026e-02 elapsed=5.2s
[1D] H=4 N=80 fold=3 epoch=250/500 loss=4.338796e-02 elapsed=6.5s
[1D] H=4 N=80 fold=3 epoch=300/500 loss=4.147142e-02 elapsed=7.9s
[1D] H=4 N=80 fold=3 epoch=350/500 loss=3.966743e-02 elapsed=9.2s
[1D] H=4 N=80 fold=3 epoch=400/500 loss=3.806099e-02 elapsed=10.5s
[1D] H=4 N=80 fold=3 epoch=450/500 loss=3.649361e-02 elapsed=11.8s
[1D] H=4 N=80 fold=3 epoch=500/500 loss=3.490437e-02 elapsed=13.1s

[1D] job 29/45 | hiddenLayers=4 | neurons=80 | fold=4/5 | seed=79004
[1D] H=4 N=80 fold=4 epoch=1/500 loss=4.953599e-01 elapsed=0.0s
[1D] H=4 N=80 fold=4 epoch=50/500 loss=5.845900e-02 elapsed=1.3s
[1D] H=4 N=80 fold=4 epoch=100/500 loss=4.485247e-02 elapsed=2.6s
[1D] H=4 N=80 fold=4 epoch=150/500 loss=3.533547e-02 elapsed=3.8s
[1D] H=4 N=80 fold=4 epoch=200/500 loss=2.954797e-02 elapsed=5.1s
[1D] H=4 N=80 fold=4 epoch=250/500 loss=2.637250e-02 elapsed=6.4s
[1D] H=4 N=80 fold=4 epoch=300/500 loss=2.392324e-02 elapsed=7.6s
[1D] H=4 N=80 fold=4 epoch=350/500 loss=2.182095e-02 elapsed=8.9s
[1D] H=4 N=80 fold=4 epoch=400/500 loss=1.996643e-02 elapsed=10.1s
[1D] H=4 N=80 fold=4 epoch=450/500 loss=1.834241e-02 elapsed=11.4s
[1D] H=4 N=80 fold=4 epoch=500/500 loss=1.692041e-02 elapsed=12.7s

[1D] job 30/45 | hiddenLayers=4 | neurons=80 | fold=5/5 | seed=79005
[1D] H=4 N=80 fold=5 epoch=1/500 loss=5.055836e+01 elapsed=0.0s
[1D] H=4 N=80 fold=5 epoch=50/500 loss=6.441940e-02 elapsed=1.3s
[1D] H=4 N=80 fold=5 epoch=100/500 loss=5.574546e-02 elapsed=2.5s
[1D] H=4 N=80 fold=5 epoch=150/500 loss=5.293056e-02 elapsed=3.9s
[1D] H=4 N=80 fold=5 epoch=200/500 loss=5.004611e-02 elapsed=5.2s
[1D] H=4 N=80 fold=5 epoch=250/500 loss=4.797410e-02 elapsed=6.5s
[1D] H=4 N=80 fold=5 epoch=300/500 loss=4.564747e-02 elapsed=7.8s
[1D] H=4 N=80 fold=5 epoch=350/500 loss=4.265599e-02 elapsed=9.1s
[1D] H=4 N=80 fold=5 epoch=400/500 loss=3.904977e-02 elapsed=10.4s
[1D] H=4 N=80 fold=5 epoch=450/500 loss=3.585102e-02 elapsed=11.7s
[1D] H=4 N=80 fold=5 epoch=500/500 loss=3.338642e-02 elapsed=13.0s

[1D] job 31/45 | hiddenLayers=8 | neurons=20 | fold=1/5 | seed=113001
[1D] H=8 N=20 fold=1 epoch=1/500 loss=4.038492e+00 elapsed=0.0s
[1D] H=8 N=20 fold=1 epoch=50/500 loss=7.170963e-02 elapsed=1.8s
[1D] H=8 N=20 fold=1 epoch=100/500 loss=5.894158e-02 elapsed=3.5s
[1D] H=8 N=20 fold=1 epoch=150/500 loss=3.553862e-02 elapsed=5.3s
[1D] H=8 N=20 fold=1 epoch=200/500 loss=1.611673e-02 elapsed=7.1s
[1D] H=8 N=20 fold=1 epoch=250/500 loss=1.032898e-02 elapsed=8.9s
[1D] H=8 N=20 fold=1 epoch=300/500 loss=7.449275e-03 elapsed=10.7s
[1D] H=8 N=20 fold=1 epoch=350/500 loss=5.922112e-03 elapsed=12.4s
[1D] H=8 N=20 fold=1 epoch=400/500 loss=4.988856e-03 elapsed=14.2s
[1D] H=8 N=20 fold=1 epoch=450/500 loss=4.335559e-03 elapsed=16.0s
[1D] H=8 N=20 fold=1 epoch=500/500 loss=3.853186e-03 elapsed=17.8s

[1D] job 32/45 | hiddenLayers=8 | neurons=20 | fold=2/5 | seed=113002
[1D] H=8 N=20 fold=2 epoch=1/500 loss=8.660901e+00 elapsed=0.0s
[1D] H=8 N=20 fold=2 epoch=50/500 loss=4.101671e-02 elapsed=1.7s
[1D] H=8 N=20 fold=2 epoch=100/500 loss=1.653639e-02 elapsed=3.4s
[1D] H=8 N=20 fold=2 epoch=150/500 loss=1.080254e-02 elapsed=5.1s
[1D] H=8 N=20 fold=2 epoch=200/500 loss=8.213716e-03 elapsed=6.8s
[1D] H=8 N=20 fold=2 epoch=250/500 loss=6.567288e-03 elapsed=8.5s
[1D] H=8 N=20 fold=2 epoch=300/500 loss=5.260060e-03 elapsed=10.2s
[1D] H=8 N=20 fold=2 epoch=350/500 loss=4.218247e-03 elapsed=11.9s
[1D] H=8 N=20 fold=2 epoch=400/500 loss=3.419488e-03 elapsed=13.6s
[1D] H=8 N=20 fold=2 epoch=450/500 loss=2.845866e-03 elapsed=15.3s
[1D] H=8 N=20 fold=2 epoch=500/500 loss=2.436610e-03 elapsed=17.1s

[1D] job 33/45 | hiddenLayers=8 | neurons=20 | fold=3/5 | seed=113003
[1D] H=8 N=20 fold=3 epoch=1/500 loss=6.363094e+00 elapsed=0.0s
[1D] H=8 N=20 fold=3 epoch=50/500 loss=3.736018e-02 elapsed=1.7s
[1D] H=8 N=20 fold=3 epoch=100/500 loss=2.442599e-02 elapsed=3.4s
[1D] H=8 N=20 fold=3 epoch=150/500 loss=1.829220e-02 elapsed=5.1s
[1D] H=8 N=20 fold=3 epoch=200/500 loss=1.509566e-02 elapsed=6.8s
[1D] H=8 N=20 fold=3 epoch=250/500 loss=1.221679e-02 elapsed=8.4s
[1D] H=8 N=20 fold=3 epoch=300/500 loss=9.676085e-03 elapsed=10.1s
[1D] H=8 N=20 fold=3 epoch=350/500 loss=7.749029e-03 elapsed=11.8s
[1D] H=8 N=20 fold=3 epoch=400/500 loss=6.235840e-03 elapsed=13.6s
[1D] H=8 N=20 fold=3 epoch=450/500 loss=5.128708e-03 elapsed=15.3s
[1D] H=8 N=20 fold=3 epoch=500/500 loss=4.351917e-03 elapsed=16.9s

[1D] job 34/45 | hiddenLayers=8 | neurons=20 | fold=4/5 | seed=113004
[1D] H=8 N=20 fold=4 epoch=1/500 loss=5.055255e-01 elapsed=0.0s
[1D] H=8 N=20 fold=4 epoch=50/500 loss=6.142199e-02 elapsed=1.7s
[1D] H=8 N=20 fold=4 epoch=100/500 loss=3.387550e-02 elapsed=3.4s
[1D] H=8 N=20 fold=4 epoch=150/500 loss=2.067329e-02 elapsed=5.1s
[1D] H=8 N=20 fold=4 epoch=200/500 loss=1.695668e-02 elapsed=6.8s
[1D] H=8 N=20 fold=4 epoch=250/500 loss=1.424565e-02 elapsed=8.5s
[1D] H=8 N=20 fold=4 epoch=300/500 loss=1.220448e-02 elapsed=10.2s
[1D] H=8 N=20 fold=4 epoch=350/500 loss=1.065726e-02 elapsed=11.9s
[1D] H=8 N=20 fold=4 epoch=400/500 loss=9.521444e-03 elapsed=14.0s
[1D] H=8 N=20 fold=4 epoch=450/500 loss=8.609550e-03 elapsed=15.8s
[1D] H=8 N=20 fold=4 epoch=500/500 loss=7.782114e-03 elapsed=17.6s

[1D] job 35/45 | hiddenLayers=8 | neurons=20 | fold=5/5 | seed=113005
[1D] H=8 N=20 fold=5 epoch=1/500 loss=8.653052e-01 elapsed=0.0s
[1D] H=8 N=20 fold=5 epoch=50/500 loss=5.123787e-02 elapsed=1.8s
[1D] H=8 N=20 fold=5 epoch=100/500 loss=4.112927e-02 elapsed=3.7s
[1D] H=8 N=20 fold=5 epoch=150/500 loss=1.489851e-02 elapsed=5.6s
[1D] H=8 N=20 fold=5 epoch=200/500 loss=8.238069e-03 elapsed=7.3s
[1D] H=8 N=20 fold=5 epoch=250/500 loss=3.668834e-03 elapsed=9.1s
[1D] H=8 N=20 fold=5 epoch=300/500 loss=1.768533e-03 elapsed=10.9s
[1D] H=8 N=20 fold=5 epoch=350/500 loss=1.267204e-03 elapsed=12.6s
[1D] H=8 N=20 fold=5 epoch=400/500 loss=1.034764e-03 elapsed=14.3s
[1D] H=8 N=20 fold=5 epoch=450/500 loss=8.868557e-04 elapsed=16.1s
[1D] H=8 N=20 fold=5 epoch=500/500 loss=7.846795e-04 elapsed=17.8s

[1D] job 36/45 | hiddenLayers=8 | neurons=40 | fold=1/5 | seed=115001
[1D] H=8 N=40 fold=1 epoch=1/500 loss=2.192554e+01 elapsed=0.0s
[1D] H=8 N=40 fold=1 epoch=50/500 loss=5.071123e-02 elapsed=1.8s
[1D] H=8 N=40 fold=1 epoch=100/500 loss=4.203367e-02 elapsed=3.5s
[1D] H=8 N=40 fold=1 epoch=150/500 loss=3.333206e-02 elapsed=5.3s
[1D] H=8 N=40 fold=1 epoch=200/500 loss=2.711903e-02 elapsed=7.1s
[1D] H=8 N=40 fold=1 epoch=250/500 loss=2.135471e-02 elapsed=8.9s
[1D] H=8 N=40 fold=1 epoch=300/500 loss=1.539655e-02 elapsed=10.7s
[1D] H=8 N=40 fold=1 epoch=350/500 loss=1.121601e-02 elapsed=12.5s
[1D] H=8 N=40 fold=1 epoch=400/500 loss=8.688703e-03 elapsed=14.2s
[1D] H=8 N=40 fold=1 epoch=450/500 loss=6.909051e-03 elapsed=16.0s
[1D] H=8 N=40 fold=1 epoch=500/500 loss=5.495594e-03 elapsed=17.7s

[1D] job 37/45 | hiddenLayers=8 | neurons=40 | fold=2/5 | seed=115002
[1D] H=8 N=40 fold=2 epoch=1/500 loss=2.073443e+00 elapsed=0.0s
[1D] H=8 N=40 fold=2 epoch=50/500 loss=7.014264e-02 elapsed=1.7s
[1D] H=8 N=40 fold=2 epoch=100/500 loss=5.501846e-02 elapsed=3.5s
[1D] H=8 N=40 fold=2 epoch=150/500 loss=4.806641e-02 elapsed=5.2s
[1D] H=8 N=40 fold=2 epoch=200/500 loss=3.845446e-02 elapsed=6.9s
[1D] H=8 N=40 fold=2 epoch=250/500 loss=2.760193e-02 elapsed=8.7s
[1D] H=8 N=40 fold=2 epoch=300/500 loss=1.961612e-02 elapsed=10.3s
[1D] H=8 N=40 fold=2 epoch=350/500 loss=1.293521e-02 elapsed=12.1s
[1D] H=8 N=40 fold=2 epoch=400/500 loss=8.795750e-03 elapsed=13.8s
[1D] H=8 N=40 fold=2 epoch=450/500 loss=6.671806e-03 elapsed=15.5s
[1D] H=8 N=40 fold=2 epoch=500/500 loss=5.300198e-03 elapsed=17.2s

[1D] job 38/45 | hiddenLayers=8 | neurons=40 | fold=3/5 | seed=115003
[1D] H=8 N=40 fold=3 epoch=1/500 loss=2.342318e+00 elapsed=0.0s
[1D] H=8 N=40 fold=3 epoch=50/500 loss=5.708341e-02 elapsed=1.8s
[1D] H=8 N=40 fold=3 epoch=100/500 loss=4.158843e-02 elapsed=3.5s
[1D] H=8 N=40 fold=3 epoch=150/500 loss=3.069792e-02 elapsed=5.2s
[1D] H=8 N=40 fold=3 epoch=200/500 loss=2.090340e-02 elapsed=6.9s
[1D] H=8 N=40 fold=3 epoch=250/500 loss=1.493348e-02 elapsed=8.6s
[1D] H=8 N=40 fold=3 epoch=300/500 loss=9.823027e-03 elapsed=10.4s
[1D] H=8 N=40 fold=3 epoch=350/500 loss=5.905407e-03 elapsed=12.0s
[1D] H=8 N=40 fold=3 epoch=400/500 loss=3.750856e-03 elapsed=13.8s
[1D] H=8 N=40 fold=3 epoch=450/500 loss=2.718545e-03 elapsed=15.5s
[1D] H=8 N=40 fold=3 epoch=500/500 loss=2.447447e-03 elapsed=17.2s

[1D] job 39/45 | hiddenLayers=8 | neurons=40 | fold=4/5 | seed=115004
[1D] H=8 N=40 fold=4 epoch=1/500 loss=4.453653e-01 elapsed=0.0s
[1D] H=8 N=40 fold=4 epoch=50/500 loss=6.587968e-02 elapsed=1.7s
[1D] H=8 N=40 fold=4 epoch=100/500 loss=3.711280e-02 elapsed=3.4s
[1D] H=8 N=40 fold=4 epoch=150/500 loss=2.520501e-02 elapsed=5.1s
[1D] H=8 N=40 fold=4 epoch=200/500 loss=1.725418e-02 elapsed=6.9s
[1D] H=8 N=40 fold=4 epoch=250/500 loss=1.198334e-02 elapsed=8.6s
[1D] H=8 N=40 fold=4 epoch=300/500 loss=8.995346e-03 elapsed=10.4s
[1D] H=8 N=40 fold=4 epoch=350/500 loss=6.564432e-03 elapsed=12.1s
[1D] H=8 N=40 fold=4 epoch=400/500 loss=5.412414e-03 elapsed=13.8s
[1D] H=8 N=40 fold=4 epoch=450/500 loss=4.575428e-03 elapsed=15.5s
[1D] H=8 N=40 fold=4 epoch=500/500 loss=4.078058e-03 elapsed=17.2s

[1D] job 40/45 | hiddenLayers=8 | neurons=40 | fold=5/5 | seed=115005
[1D] H=8 N=40 fold=5 epoch=1/500 loss=1.131093e+01 elapsed=0.0s
[1D] H=8 N=40 fold=5 epoch=50/500 loss=5.239028e-02 elapsed=1.7s
[1D] H=8 N=40 fold=5 epoch=100/500 loss=4.506641e-02 elapsed=3.4s
[1D] H=8 N=40 fold=5 epoch=150/500 loss=3.934778e-02 elapsed=5.1s
[1D] H=8 N=40 fold=5 epoch=200/500 loss=2.859447e-02 elapsed=6.8s
[1D] H=8 N=40 fold=5 epoch=250/500 loss=1.845640e-02 elapsed=8.5s
[1D] H=8 N=40 fold=5 epoch=300/500 loss=1.308466e-02 elapsed=10.2s
[1D] H=8 N=40 fold=5 epoch=350/500 loss=9.625380e-03 elapsed=11.9s
[1D] H=8 N=40 fold=5 epoch=400/500 loss=7.309381e-03 elapsed=13.7s
[1D] H=8 N=40 fold=5 epoch=450/500 loss=5.409825e-03 elapsed=15.4s
[1D] H=8 N=40 fold=5 epoch=500/500 loss=4.215508e-03 elapsed=17.0s

[1D] job 41/45 | hiddenLayers=8 | neurons=80 | fold=1/5 | seed=119001
[1D] H=8 N=80 fold=1 epoch=1/500 loss=6.714600e-01 elapsed=0.0s
[1D] H=8 N=80 fold=1 epoch=50/500 loss=8.051229e-02 elapsed=1.8s
[1D] H=8 N=80 fold=1 epoch=100/500 loss=7.120970e-02 elapsed=3.6s
[1D] H=8 N=80 fold=1 epoch=150/500 loss=6.070971e-02 elapsed=5.3s
[1D] H=8 N=80 fold=1 epoch=200/500 loss=5.218150e-02 elapsed=7.1s
[1D] H=8 N=80 fold=1 epoch=250/500 loss=4.578441e-02 elapsed=9.0s
[1D] H=8 N=80 fold=1 epoch=300/500 loss=3.989989e-02 elapsed=10.8s
[1D] H=8 N=80 fold=1 epoch=350/500 loss=3.519626e-02 elapsed=12.6s
[1D] H=8 N=80 fold=1 epoch=400/500 loss=3.096705e-02 elapsed=14.3s
[1D] H=8 N=80 fold=1 epoch=450/500 loss=2.682589e-02 elapsed=16.1s
[1D] H=8 N=80 fold=1 epoch=500/500 loss=2.297867e-02 elapsed=17.8s

[1D] job 42/45 | hiddenLayers=8 | neurons=80 | fold=2/5 | seed=119002
[1D] H=8 N=80 fold=2 epoch=1/500 loss=1.163648e+00 elapsed=0.0s
[1D] H=8 N=80 fold=2 epoch=50/500 loss=6.594700e-02 elapsed=1.8s
[1D] H=8 N=80 fold=2 epoch=100/500 loss=5.568506e-02 elapsed=3.6s
[1D] H=8 N=80 fold=2 epoch=150/500 loss=5.330114e-02 elapsed=5.4s
[1D] H=8 N=80 fold=2 epoch=200/500 loss=5.100043e-02 elapsed=7.2s
[1D] H=8 N=80 fold=2 epoch=250/500 loss=4.860597e-02 elapsed=8.9s
[1D] H=8 N=80 fold=2 epoch=300/500 loss=4.620676e-02 elapsed=10.7s
[1D] H=8 N=80 fold=2 epoch=350/500 loss=4.348073e-02 elapsed=12.5s
[1D] H=8 N=80 fold=2 epoch=400/500 loss=4.037694e-02 elapsed=14.2s
[1D] H=8 N=80 fold=2 epoch=450/500 loss=3.693893e-02 elapsed=16.0s
[1D] H=8 N=80 fold=2 epoch=500/500 loss=3.352356e-02 elapsed=17.8s

[1D] job 43/45 | hiddenLayers=8 | neurons=80 | fold=3/5 | seed=119003
[1D] H=8 N=80 fold=3 epoch=1/500 loss=5.121289e+00 elapsed=0.0s
[1D] H=8 N=80 fold=3 epoch=50/500 loss=7.341639e-02 elapsed=1.9s
[1D] H=8 N=80 fold=3 epoch=100/500 loss=6.740028e-02 elapsed=3.7s
[1D] H=8 N=80 fold=3 epoch=150/500 loss=5.980335e-02 elapsed=5.5s
[1D] H=8 N=80 fold=3 epoch=200/500 loss=5.479382e-02 elapsed=7.4s
[1D] H=8 N=80 fold=3 epoch=250/500 loss=4.865643e-02 elapsed=9.1s
[1D] H=8 N=80 fold=3 epoch=300/500 loss=4.016055e-02 elapsed=10.9s
[1D] H=8 N=80 fold=3 epoch=350/500 loss=2.987787e-02 elapsed=12.8s
[1D] H=8 N=80 fold=3 epoch=400/500 loss=2.299150e-02 elapsed=15.1s
[1D] H=8 N=80 fold=3 epoch=450/500 loss=1.865318e-02 elapsed=16.9s
[1D] H=8 N=80 fold=3 epoch=500/500 loss=1.460407e-02 elapsed=18.8s

[1D] job 44/45 | hiddenLayers=8 | neurons=80 | fold=4/5 | seed=119004
[1D] H=8 N=80 fold=4 epoch=1/500 loss=6.217545e-01 elapsed=0.0s
[1D] H=8 N=80 fold=4 epoch=50/500 loss=5.955674e-02 elapsed=2.2s
[1D] H=8 N=80 fold=4 epoch=100/500 loss=5.279122e-02 elapsed=4.1s
[1D] H=8 N=80 fold=4 epoch=150/500 loss=5.052616e-02 elapsed=6.0s
[1D] H=8 N=80 fold=4 epoch=200/500 loss=4.705399e-02 elapsed=7.9s
[1D] H=8 N=80 fold=4 epoch=250/500 loss=3.981779e-02 elapsed=9.7s
[1D] H=8 N=80 fold=4 epoch=300/500 loss=3.130837e-02 elapsed=11.6s
[1D] H=8 N=80 fold=4 epoch=350/500 loss=2.418757e-02 elapsed=13.5s
[1D] H=8 N=80 fold=4 epoch=400/500 loss=1.893318e-02 elapsed=15.5s
[1D] H=8 N=80 fold=4 epoch=450/500 loss=1.544870e-02 elapsed=17.4s
[1D] H=8 N=80 fold=4 epoch=500/500 loss=1.306576e-02 elapsed=19.3s

[1D] job 45/45 | hiddenLayers=8 | neurons=80 | fold=5/5 | seed=119005
[1D] H=8 N=80 fold=5 epoch=1/500 loss=1.770418e-01 elapsed=0.0s
[1D] H=8 N=80 fold=5 epoch=50/500 loss=8.348723e-02 elapsed=1.9s
[1D] H=8 N=80 fold=5 epoch=100/500 loss=7.913290e-02 elapsed=3.8s
[1D] H=8 N=80 fold=5 epoch=150/500 loss=7.846206e-02 elapsed=5.7s
[1D] H=8 N=80 fold=5 epoch=200/500 loss=7.634729e-02 elapsed=7.6s
[1D] H=8 N=80 fold=5 epoch=250/500 loss=6.707431e-02 elapsed=9.5s
[1D] H=8 N=80 fold=5 epoch=300/500 loss=5.244255e-02 elapsed=11.4s
[1D] H=8 N=80 fold=5 epoch=350/500 loss=4.443459e-02 elapsed=13.2s
[1D] H=8 N=80 fold=5 epoch=400/500 loss=3.644909e-02 elapsed=15.0s
[1D] H=8 N=80 fold=5 epoch=450/500 loss=2.877935e-02 elapsed=16.8s
[1D] H=8 N=80 fold=5 epoch=500/500 loss=2.241972e-02 elapsed=18.7s
Combined network-layer workbook written: C:\Users\lxb\OneDrive\001ÂŰÎÄ\PINN\×îÖŐ´úÂë\network_layers\results\network_layer_all_cases_summary.xlsx
FULL_1D_NONLINEAR_TRAINING_DONE
