[2026-07-09 17:11:41] [............................] case=2D linear diffusion model=Vanilla status=STARTED epoch=0/500 percent=0.00% loss=NaN elapsed=00:00:00 ETA=NaN message=Starting model
[2026-07-09 17:11:44] [............................] case=2D linear diffusion model=Vanilla status=RUNNING epoch=1/500 percent=0.20% loss=2.70529 elapsed=00:00:02 ETA=00:16:44 message=
[2026-07-09 17:12:03] [#...........................] case=2D linear diffusion model=Vanilla status=RUNNING epoch=25/500 percent=5.00% loss=0.0441822 elapsed=00:00:21 ETA=00:06:50 message=
[2026-07-09 17:12:23] [###.........................] case=2D linear diffusion model=Vanilla status=RUNNING epoch=50/500 percent=10.00% loss=0.0377225 elapsed=00:00:40 ETA=00:06:08 message=
[2026-07-09 17:12:41] [####........................] case=2D linear diffusion model=Vanilla status=RUNNING epoch=75/500 percent=15.00% loss=0.0351463 elapsed=00:00:59 ETA=00:05:37 message=
[2026-07-09 17:13:00] [######......................] case=2D linear diffusion model=Vanilla status=RUNNING epoch=100/500 percent=20.00% loss=0.0335409 elapsed=00:01:18 ETA=00:05:12 message=
[2026-07-09 17:13:18] [#######.....................] case=2D linear diffusion model=Vanilla status=RUNNING epoch=125/500 percent=25.00% loss=0.0322981 elapsed=00:01:36 ETA=00:04:50 message=
[2026-07-09 17:13:37] [########....................] case=2D linear diffusion model=Vanilla status=RUNNING epoch=150/500 percent=30.00% loss=0.0312055 elapsed=00:01:55 ETA=00:04:29 message=
[2026-07-09 17:13:55] [##########..................] case=2D linear diffusion model=Vanilla status=RUNNING epoch=175/500 percent=35.00% loss=0.0301215 elapsed=00:02:13 ETA=00:04:07 message=
[2026-07-09 17:14:14] [###########.................] case=2D linear diffusion model=Vanilla status=RUNNING epoch=200/500 percent=40.00% loss=0.0289871 elapsed=00:02:31 ETA=00:03:47 message=
[2026-07-09 17:14:32] [#############...............] case=2D linear diffusion model=Vanilla status=RUNNING epoch=225/500 percent=45.00% loss=0.0277156 elapsed=00:02:50 ETA=00:03:27 message=
[2026-07-09 17:14:50] [##############..............] case=2D linear diffusion model=Vanilla status=RUNNING epoch=250/500 percent=50.00% loss=0.0262293 elapsed=00:03:08 ETA=00:03:08 message=
[2026-07-09 17:15:09] [###############.............] case=2D linear diffusion model=Vanilla status=RUNNING epoch=275/500 percent=55.00% loss=0.0244939 elapsed=00:03:26 ETA=00:02:49 message=
[2026-07-09 17:15:27] [#################...........] case=2D linear diffusion model=Vanilla status=RUNNING epoch=300/500 percent=60.00% loss=0.0224656 elapsed=00:03:45 ETA=00:02:30 message=
[2026-07-09 17:15:45] [##################..........] case=2D linear diffusion model=Vanilla status=RUNNING epoch=325/500 percent=65.00% loss=0.0202802 elapsed=00:04:03 ETA=00:02:11 message=
[2026-07-09 17:16:04] [####################........] case=2D linear diffusion model=Vanilla status=RUNNING epoch=350/500 percent=70.00% loss=0.0180862 elapsed=00:04:21 ETA=00:01:52 message=
[2026-07-09 17:16:22] [#####################.......] case=2D linear diffusion model=Vanilla status=RUNNING epoch=375/500 percent=75.00% loss=0.016035 elapsed=00:04:40 ETA=00:01:33 message=
[2026-07-09 17:16:40] [######################......] case=2D linear diffusion model=Vanilla status=RUNNING epoch=400/500 percent=80.00% loss=0.0142129 elapsed=00:04:58 ETA=00:01:14 message=
[2026-07-09 17:16:58] [########################....] case=2D linear diffusion model=Vanilla status=RUNNING epoch=425/500 percent=85.00% loss=0.012613 elapsed=00:05:16 ETA=00:00:55 message=
[2026-07-09 17:17:16] [#########################...] case=2D linear diffusion model=Vanilla status=RUNNING epoch=450/500 percent=90.00% loss=0.0112407 elapsed=00:05:34 ETA=00:00:37 message=
[2026-07-09 17:17:34] [###########################.] case=2D linear diffusion model=Vanilla status=RUNNING epoch=475/500 percent=95.00% loss=0.0100383 elapsed=00:05:52 ETA=00:00:18 message=
[2026-07-09 17:17:52] [############################] case=2D linear diffusion model=Vanilla status=RUNNING epoch=500/500 percent=100.00% loss=0.0090125 elapsed=00:06:10 ETA=00:00:00 message=
[2026-07-09 17:17:53] [############################] case=2D linear diffusion model=Vanilla status=COMPLETED epoch=500/500 percent=100.00% loss=0.0090125 elapsed=NaN ETA=00:00:00 message=Finished model
[2026-07-09 17:17:53] [............................] case=2D linear diffusion model=BC status=STARTED epoch=0/500 percent=0.00% loss=NaN elapsed=00:00:00 ETA=NaN message=Starting model
[2026-07-09 17:17:54] [............................] case=2D linear diffusion model=BC status=RUNNING epoch=1/500 percent=0.20% loss=0.613877 elapsed=00:00:00 ETA=00:05:56 message=
[2026-07-09 17:18:07] [#...........................] case=2D linear diffusion model=BC status=RUNNING epoch=25/500 percent=5.00% loss=0.0162717 elapsed=00:00:14 ETA=00:04:29 message=
[2026-07-09 17:18:22] [###.........................] case=2D linear diffusion model=BC status=RUNNING epoch=50/500 percent=10.00% loss=0.00539412 elapsed=00:00:28 ETA=00:04:15 message=
[2026-07-09 17:18:35] [####........................] case=2D linear diffusion model=BC status=RUNNING epoch=75/500 percent=15.00% loss=0.00325961 elapsed=00:00:42 ETA=00:03:59 message=
[2026-07-09 17:18:49] [######......................] case=2D linear diffusion model=BC status=RUNNING epoch=100/500 percent=20.00% loss=0.00242702 elapsed=00:00:55 ETA=00:03:43 message=
[2026-07-09 17:19:03] [#######.....................] case=2D linear diffusion model=BC status=RUNNING epoch=125/500 percent=25.00% loss=0.00195305 elapsed=00:01:09 ETA=00:03:27 message=
[2026-07-09 17:19:16] [########....................] case=2D linear diffusion model=BC status=RUNNING epoch=150/500 percent=30.00% loss=0.00162716 elapsed=00:01:22 ETA=00:03:12 message=
[2026-07-09 17:19:29] [##########..................] case=2D linear diffusion model=BC status=RUNNING epoch=175/500 percent=35.00% loss=0.00138909 elapsed=00:01:35 ETA=00:02:58 message=
[2026-07-09 17:19:42] [###########.................] case=2D linear diffusion model=BC status=RUNNING epoch=200/500 percent=40.00% loss=0.00120255 elapsed=00:01:49 ETA=00:02:43 message=
[2026-07-09 17:19:55] [#############...............] case=2D linear diffusion model=BC status=RUNNING epoch=225/500 percent=45.00% loss=0.0010546 elapsed=00:02:02 ETA=00:02:29 message=
[2026-07-09 17:20:09] [##############..............] case=2D linear diffusion model=BC status=RUNNING epoch=250/500 percent=50.00% loss=0.000933877 elapsed=00:02:15 ETA=00:02:15 message=
[2026-07-09 17:20:22] [###############.............] case=2D linear diffusion model=BC status=RUNNING epoch=275/500 percent=55.00% loss=0.000829859 elapsed=00:02:28 ETA=00:02:01 message=
[2026-07-09 17:20:35] [#################...........] case=2D linear diffusion model=BC status=RUNNING epoch=300/500 percent=60.00% loss=0.000745031 elapsed=00:02:41 ETA=00:01:47 message=
[2026-07-09 17:20:49] [##################..........] case=2D linear diffusion model=BC status=RUNNING epoch=325/500 percent=65.00% loss=0.000670911 elapsed=00:02:55 ETA=00:01:34 message=
[2026-07-09 17:21:02] [####################........] case=2D linear diffusion model=BC status=RUNNING epoch=350/500 percent=70.00% loss=0.000603896 elapsed=00:03:08 ETA=00:01:20 message=
[2026-07-09 17:21:15] [#####################.......] case=2D linear diffusion model=BC status=RUNNING epoch=375/500 percent=75.00% loss=0.000548233 elapsed=00:03:21 ETA=00:01:07 message=
[2026-07-09 17:21:28] [######################......] case=2D linear diffusion model=BC status=RUNNING epoch=400/500 percent=80.00% loss=0.000494226 elapsed=00:03:34 ETA=00:00:53 message=
[2026-07-09 17:21:41] [########################....] case=2D linear diffusion model=BC status=RUNNING epoch=425/500 percent=85.00% loss=0.000451676 elapsed=00:03:47 ETA=00:00:40 message=
[2026-07-09 17:21:54] [#########################...] case=2D linear diffusion model=BC status=RUNNING epoch=450/500 percent=90.00% loss=0.000413552 elapsed=00:04:00 ETA=00:00:26 message=
[2026-07-09 17:22:08] [###########################.] case=2D linear diffusion model=BC status=RUNNING epoch=475/500 percent=95.00% loss=0.000378927 elapsed=00:04:14 ETA=00:00:13 message=
[2026-07-09 17:22:21] [############################] case=2D linear diffusion model=BC status=RUNNING epoch=500/500 percent=100.00% loss=0.0003483 elapsed=00:04:27 ETA=00:00:00 message=
[2026-07-09 17:22:21] [############################] case=2D linear diffusion model=BC status=COMPLETED epoch=500/500 percent=100.00% loss=0.0003483 elapsed=NaN ETA=00:00:00 message=Finished model
[2026-07-09 17:22:21] [............................] case=2D linear diffusion model=Vanilla-RBA status=STARTED epoch=0/500 percent=0.00% loss=NaN elapsed=00:00:00 ETA=NaN message=Starting model

========================================
2D Vanilla-RBA PINN
Execution environment: gpu
GPU: NVIDIA GeForce RTX 4070 SUPER
PDE: Ut - c*(Uxx+Uyy) = 0
Layers = 8, Neurons = 20, Activation = sin
Epochs = 500, Collocation points = 10000, Batch size = 1000
RBA: gamma = 0.999, eta_init = 1, eta = 0.01
========================================
[2026-07-09 17:22:22] [............................] case=2D linear diffusion model=Vanilla-RBA status=RUNNING epoch=1/500 percent=0.20% loss=11.7517 elapsed=00:00:00 ETA=00:07:15 message=
Epoch     1/500, total = 1.175165e+01, weightedF = 9.816212e+00, unweightedF = 4.265230e+01, U = 1.935442e+00, elapsed = 0.87 s
[2026-07-09 17:22:35] [#...........................] case=2D linear diffusion model=Vanilla-RBA status=RUNNING epoch=25/500 percent=5.00% loss=0.0296773 elapsed=00:00:13 ETA=00:04:09 message=
[2026-07-09 17:22:48] [###.........................] case=2D linear diffusion model=Vanilla-RBA status=RUNNING epoch=50/500 percent=10.00% loss=0.026294 elapsed=00:00:26 ETA=00:03:55 message=
Epoch    50/500, total = 2.629402e-02, weightedF = 8.108910e-03, unweightedF = 6.748393e-02, U = 1.818511e-02, elapsed = 26.12 s
[2026-07-09 17:23:00] [####........................] case=2D linear diffusion model=Vanilla-RBA status=RUNNING epoch=75/500 percent=15.00% loss=0.0244539 elapsed=00:00:38 ETA=00:03:40 message=
[2026-07-09 17:23:13] [######......................] case=2D linear diffusion model=Vanilla-RBA status=RUNNING epoch=100/500 percent=20.00% loss=0.0230068 elapsed=00:00:51 ETA=00:03:25 message=
Epoch   100/500, total = 2.300678e-02, weightedF = 6.219120e-03, unweightedF = 2.645983e-02, U = 1.678766e-02, elapsed = 51.31 s
[2026-07-09 17:23:26] [#######.....................] case=2D linear diffusion model=Vanilla-RBA status=RUNNING epoch=125/500 percent=25.00% loss=0.0219068 elapsed=00:01:04 ETA=00:03:12 message=
[2026-07-09 17:23:38] [########....................] case=2D linear diffusion model=Vanilla-RBA status=RUNNING epoch=150/500 percent=30.00% loss=0.0210788 elapsed=00:01:17 ETA=00:02:59 message=
Epoch   150/500, total = 2.107875e-02, weightedF = 5.916080e-03, unweightedF = 1.628675e-02, U = 1.516267e-02, elapsed = 77.03 s
[2026-07-09 17:23:51] [##########..................] case=2D linear diffusion model=Vanilla-RBA status=RUNNING epoch=175/500 percent=35.00% loss=0.0205094 elapsed=00:01:29 ETA=00:02:46 message=
[2026-07-09 17:24:04] [###########.................] case=2D linear diffusion model=Vanilla-RBA status=RUNNING epoch=200/500 percent=40.00% loss=0.0200421 elapsed=00:01:42 ETA=00:02:34 message=
Epoch   200/500, total = 2.004213e-02, weightedF = 5.973435e-03, unweightedF = 1.109014e-02, U = 1.406870e-02, elapsed = 102.95 s
[2026-07-09 17:24:18] [#############...............] case=2D linear diffusion model=Vanilla-RBA status=RUNNING epoch=225/500 percent=45.00% loss=0.019546 elapsed=00:01:56 ETA=00:02:22 message=
[2026-07-09 17:24:31] [##############..............] case=2D linear diffusion model=Vanilla-RBA status=RUNNING epoch=250/500 percent=50.00% loss=0.0189711 elapsed=00:02:09 ETA=00:02:09 message=
Epoch   250/500, total = 1.897109e-02, weightedF = 5.879289e-03, unweightedF = 7.920977e-03, U = 1.309180e-02, elapsed = 129.66 s
[2026-07-09 17:24:44] [###############.............] case=2D linear diffusion model=Vanilla-RBA status=RUNNING epoch=275/500 percent=55.00% loss=0.0183903 elapsed=00:02:22 ETA=00:01:56 message=
[2026-07-09 17:24:57] [#################...........] case=2D linear diffusion model=Vanilla-RBA status=RUNNING epoch=300/500 percent=60.00% loss=0.017827 elapsed=00:02:35 ETA=00:01:43 message=
Epoch   300/500, total = 1.782697e-02, weightedF = 5.829404e-03, unweightedF = 6.051845e-03, U = 1.199757e-02, elapsed = 155.72 s
[2026-07-09 17:25:10] [##################..........] case=2D linear diffusion model=Vanilla-RBA status=RUNNING epoch=325/500 percent=65.00% loss=0.0172296 elapsed=00:02:48 ETA=00:01:30 message=
[2026-07-09 17:25:22] [####################........] case=2D linear diffusion model=Vanilla-RBA status=RUNNING epoch=350/500 percent=70.00% loss=0.016646 elapsed=00:03:00 ETA=00:01:17 message=
Epoch   350/500, total = 1.664596e-02, weightedF = 5.691105e-03, unweightedF = 4.722818e-03, U = 1.095485e-02, elapsed = 180.89 s
[2026-07-09 17:25:35] [#####################.......] case=2D linear diffusion model=Vanilla-RBA status=RUNNING epoch=375/500 percent=75.00% loss=0.0160231 elapsed=00:03:13 ETA=00:01:04 message=
[2026-07-09 17:25:47] [######################......] case=2D linear diffusion model=Vanilla-RBA status=RUNNING epoch=400/500 percent=80.00% loss=0.0153947 elapsed=00:03:26 ETA=00:00:51 message=
Epoch   400/500, total = 1.539473e-02, weightedF = 5.364251e-03, unweightedF = 3.622521e-03, U = 1.003047e-02, elapsed = 206.06 s
[2026-07-09 17:26:00] [########################....] case=2D linear diffusion model=Vanilla-RBA status=RUNNING epoch=425/500 percent=85.00% loss=0.0146986 elapsed=00:03:38 ETA=00:00:38 message=
[2026-07-09 17:26:13] [#########################...] case=2D linear diffusion model=Vanilla-RBA status=RUNNING epoch=450/500 percent=90.00% loss=0.0139266 elapsed=00:03:51 ETA=00:00:25 message=
Epoch   450/500, total = 1.392659e-02, weightedF = 4.873397e-03, unweightedF = 2.776101e-03, U = 9.053192e-03, elapsed = 231.21 s
[2026-07-09 17:26:25] [###########################.] case=2D linear diffusion model=Vanilla-RBA status=RUNNING epoch=475/500 percent=95.00% loss=0.0130798 elapsed=00:04:03 ETA=00:00:12 message=
[2026-07-09 17:26:38] [############################] case=2D linear diffusion model=Vanilla-RBA status=RUNNING epoch=500/500 percent=100.00% loss=0.0121863 elapsed=00:04:16 ETA=00:00:00 message=
Epoch   500/500, total = 1.218626e-02, weightedF = 4.342170e-03, unweightedF = 2.180446e-03, U = 7.844095e-03, elapsed = 256.33 s

Done. Files saved to:
  C:\Users\lxb\OneDrive\001论文\PINN\最终结果\details\x2DLinearDiffusion_Vanilla_RBA
[2026-07-09 17:26:38] [############################] case=2D linear diffusion model=Vanilla-RBA status=COMPLETED epoch=500/500 percent=100.00% loss=0.0121863 elapsed=NaN ETA=00:00:00 message=Finished model
[2026-07-09 17:26:38] [............................] case=2D linear diffusion model=RBA-BC status=STARTED epoch=0/500 percent=0.00% loss=NaN elapsed=00:00:00 ETA=NaN message=Starting model
[2026-07-09 17:26:39] [............................] case=2D linear diffusion model=RBA-BC status=RUNNING epoch=1/500 percent=0.20% loss=0.256641 elapsed=00:00:00 ETA=00:05:11 message=
[2026-07-09 17:26:50] [#...........................] case=2D linear diffusion model=RBA-BC status=RUNNING epoch=25/500 percent=5.00% loss=0.00744253 elapsed=00:00:12 ETA=00:03:49 message=
[2026-07-09 17:27:02] [###.........................] case=2D linear diffusion model=RBA-BC status=RUNNING epoch=50/500 percent=10.00% loss=0.00714843 elapsed=00:00:23 ETA=00:03:34 message=
[2026-07-09 17:27:14] [####........................] case=2D linear diffusion model=RBA-BC status=RUNNING epoch=75/500 percent=15.00% loss=0.00744946 elapsed=00:00:35 ETA=00:03:20 message=
[2026-07-09 17:27:25] [######......................] case=2D linear diffusion model=RBA-BC status=RUNNING epoch=100/500 percent=20.00% loss=0.0074394 elapsed=00:00:46 ETA=00:03:07 message=
[2026-07-09 17:27:37] [#######.....................] case=2D linear diffusion model=RBA-BC status=RUNNING epoch=125/500 percent=25.00% loss=0.00625557 elapsed=00:00:58 ETA=00:02:56 message=
[2026-07-09 17:27:49] [########....................] case=2D linear diffusion model=RBA-BC status=RUNNING epoch=150/500 percent=30.00% loss=0.0050203 elapsed=00:01:10 ETA=00:02:44 message=
[2026-07-09 17:28:00] [##########..................] case=2D linear diffusion model=RBA-BC status=RUNNING epoch=175/500 percent=35.00% loss=0.00416377 elapsed=00:01:21 ETA=00:02:32 message=
[2026-07-09 17:28:12] [###########.................] case=2D linear diffusion model=RBA-BC status=RUNNING epoch=200/500 percent=40.00% loss=0.00353628 elapsed=00:01:33 ETA=00:02:20 message=
[2026-07-09 17:28:24] [#############...............] case=2D linear diffusion model=RBA-BC status=RUNNING epoch=225/500 percent=45.00% loss=0.00347689 elapsed=00:01:45 ETA=00:02:09 message=
[2026-07-09 17:28:35] [##############..............] case=2D linear diffusion model=RBA-BC status=RUNNING epoch=250/500 percent=50.00% loss=0.00371826 elapsed=00:01:57 ETA=00:01:57 message=
[2026-07-09 17:28:47] [###############.............] case=2D linear diffusion model=RBA-BC status=RUNNING epoch=275/500 percent=55.00% loss=0.00378819 elapsed=00:02:08 ETA=00:01:45 message=
[2026-07-09 17:28:59] [#################...........] case=2D linear diffusion model=RBA-BC status=RUNNING epoch=300/500 percent=60.00% loss=0.00343243 elapsed=00:02:20 ETA=00:01:33 message=
[2026-07-09 17:29:11] [##################..........] case=2D linear diffusion model=RBA-BC status=RUNNING epoch=325/500 percent=65.00% loss=0.00274603 elapsed=00:02:32 ETA=00:01:22 message=
[2026-07-09 17:29:22] [####################........] case=2D linear diffusion model=RBA-BC status=RUNNING epoch=350/500 percent=70.00% loss=0.00207666 elapsed=00:02:43 ETA=00:01:10 message=
[2026-07-09 17:29:34] [#####################.......] case=2D linear diffusion model=RBA-BC status=RUNNING epoch=375/500 percent=75.00% loss=0.00159321 elapsed=00:02:55 ETA=00:00:58 message=
[2026-07-09 17:29:46] [######################......] case=2D linear diffusion model=RBA-BC status=RUNNING epoch=400/500 percent=80.00% loss=0.00147917 elapsed=00:03:07 ETA=00:00:46 message=
[2026-07-09 17:29:58] [########################....] case=2D linear diffusion model=RBA-BC status=RUNNING epoch=425/500 percent=85.00% loss=0.00168233 elapsed=00:03:19 ETA=00:00:35 message=
[2026-07-09 17:30:10] [#########################...] case=2D linear diffusion model=RBA-BC status=RUNNING epoch=450/500 percent=90.00% loss=0.00238788 elapsed=00:03:32 ETA=00:00:23 message=
[2026-07-09 17:30:23] [###########################.] case=2D linear diffusion model=RBA-BC status=RUNNING epoch=475/500 percent=95.00% loss=0.00302971 elapsed=00:03:44 ETA=00:00:11 message=
[2026-07-09 17:30:35] [############################] case=2D linear diffusion model=RBA-BC status=RUNNING epoch=500/500 percent=100.00% loss=0.00291213 elapsed=00:03:56 ETA=00:00:00 message=
[2026-07-09 17:30:35] [############################] case=2D linear diffusion model=RBA-BC status=COMPLETED epoch=500/500 percent=100.00% loss=0.00291213 elapsed=NaN ETA=00:00:00 message=Finished model
             Case                   Model         Time    Relative_L2      RMSE         R2           MAE         MaxAE      FinalLoss                                                                                                             KeyHyperparameters                                                                                                                                                  ResultFilePath                                     
    _______________________    _______________    ____    ___________    ________    _________    __________    ________    _________    _____________________________________________________________________________________________________________________________________________________________________________________________________________________________________    _______________________________________________________________________________________

    {'2D linear diffusion'}    {'Vanilla'    }       0     0.090175      0.068388      0.67751      0.055634     0.14659    0.0090125    {'numEpochs=500; numLayers=8; numNeurons=20; miniBatchSize=1000; initialLearnRate=0.01; decayRate=0.005; numInternalCollocationPoints=10000; executionEnvironment=gpu; c=1; Tlimit=1; rba_gamma=0.999; rba_eta_init=1; rba_eta=0.01'}    {'C:\Users\lxb\OneDrive\001论文\PINN\最终结果\models\x2DLinearDiffusion_Vanilla.mat'    }
    {'2D linear diffusion'}    {'Vanilla'    }    0.25       0.1324      0.097977      0.16243      0.075014     0.21945    0.0090125    {'numEpochs=500; numLayers=8; numNeurons=20; miniBatchSize=1000; initialLearnRate=0.01; decayRate=0.005; numInternalCollocationPoints=10000; executionEnvironment=gpu; c=1; Tlimit=1; rba_gamma=0.999; rba_eta_init=1; rba_eta=0.01'}    {'C:\Users\lxb\OneDrive\001论文\PINN\最终结果\models\x2DLinearDiffusion_Vanilla.mat'    }
    {'2D linear diffusion'}    {'Vanilla'    }    0.75      0.18249       0.12928      -1.3836       0.10418     0.26291    0.0090125    {'numEpochs=500; numLayers=8; numNeurons=20; miniBatchSize=1000; initialLearnRate=0.01; decayRate=0.005; numInternalCollocationPoints=10000; executionEnvironment=gpu; c=1; Tlimit=1; rba_gamma=0.999; rba_eta_init=1; rba_eta=0.01'}    {'C:\Users\lxb\OneDrive\001论文\PINN\最终结果\models\x2DLinearDiffusion_Vanilla.mat'    }
    {'2D linear diffusion'}    {'Vanilla'    }       1      0.16907       0.11759      -1.5188      0.091628     0.24571    0.0090125    {'numEpochs=500; numLayers=8; numNeurons=20; miniBatchSize=1000; initialLearnRate=0.01; decayRate=0.005; numInternalCollocationPoints=10000; executionEnvironment=gpu; c=1; Tlimit=1; rba_gamma=0.999; rba_eta_init=1; rba_eta=0.01'}    {'C:\Users\lxb\OneDrive\001论文\PINN\最终结果\models\x2DLinearDiffusion_Vanilla.mat'    }
    {'2D linear diffusion'}    {'BC'         }       0      0.00125      0.000948      0.99994    0.00072649    0.002423    0.0003483    {'numEpochs=500; numLayers=8; numNeurons=20; miniBatchSize=1000; initialLearnRate=0.01; decayRate=0.005; numInternalCollocationPoints=10000; executionEnvironment=gpu; c=1; Tlimit=1; rba_gamma=0.999; rba_eta_init=1; rba_eta=0.01'}    {'C:\Users\lxb\OneDrive\001论文\PINN\最终结果\models\x2DLinearDiffusion_BC.mat'         }
    {'2D linear diffusion'}    {'BC'         }    0.25      0.15443       0.11428     -0.13952      0.088814     0.23659    0.0003483    {'numEpochs=500; numLayers=8; numNeurons=20; miniBatchSize=1000; initialLearnRate=0.01; decayRate=0.005; numInternalCollocationPoints=10000; executionEnvironment=gpu; c=1; Tlimit=1; rba_gamma=0.999; rba_eta_init=1; rba_eta=0.01'}    {'C:\Users\lxb\OneDrive\001论文\PINN\最终结果\models\x2DLinearDiffusion_BC.mat'         }
    {'2D linear diffusion'}    {'BC'         }    0.75      0.18128       0.12843      -1.3521      0.099781     0.26672    0.0003483    {'numEpochs=500; numLayers=8; numNeurons=20; miniBatchSize=1000; initialLearnRate=0.01; decayRate=0.005; numInternalCollocationPoints=10000; executionEnvironment=gpu; c=1; Tlimit=1; rba_gamma=0.999; rba_eta_init=1; rba_eta=0.01'}    {'C:\Users\lxb\OneDrive\001论文\PINN\最终结果\models\x2DLinearDiffusion_BC.mat'         }
    {'2D linear diffusion'}    {'BC'         }       1      0.16804       0.11687      -1.4881      0.090867       0.242    0.0003483    {'numEpochs=500; numLayers=8; numNeurons=20; miniBatchSize=1000; initialLearnRate=0.01; decayRate=0.005; numInternalCollocationPoints=10000; executionEnvironment=gpu; c=1; Tlimit=1; rba_gamma=0.999; rba_eta_init=1; rba_eta=0.01'}    {'C:\Users\lxb\OneDrive\001论文\PINN\最终结果\models\x2DLinearDiffusion_BC.mat'         }
    {'2D linear diffusion'}    {'Vanilla-RBA'}       0      0.10759      0.081597       0.5409      0.066085     0.18919     0.012186    {'numEpochs=500; numLayers=8; numNeurons=20; miniBatchSize=1000; initialLearnRate=0.01; decayRate=0.005; numInternalCollocationPoints=10000; executionEnvironment=gpu; c=1; Tlimit=1; rba_gamma=0.999; rba_eta_init=1; rba_eta=0.01'}    {'C:\Users\lxb\OneDrive\001论文\PINN\最终结果\models\x2DLinearDiffusion_Vanilla_RBA.mat'}
    {'2D linear diffusion'}    {'Vanilla-RBA'}    0.25      0.14371       0.10635     0.013228      0.079952     0.24278     0.012186    {'numEpochs=500; numLayers=8; numNeurons=20; miniBatchSize=1000; initialLearnRate=0.01; decayRate=0.005; numInternalCollocationPoints=10000; executionEnvironment=gpu; c=1; Tlimit=1; rba_gamma=0.999; rba_eta_init=1; rba_eta=0.01'}    {'C:\Users\lxb\OneDrive\001论文\PINN\最终结果\models\x2DLinearDiffusion_Vanilla_RBA.mat'}
    {'2D linear diffusion'}    {'Vanilla-RBA'}    0.75      0.17058       0.12084      -1.0826      0.094423     0.25467     0.012186    {'numEpochs=500; numLayers=8; numNeurons=20; miniBatchSize=1000; initialLearnRate=0.01; decayRate=0.005; numInternalCollocationPoints=10000; executionEnvironment=gpu; c=1; Tlimit=1; rba_gamma=0.999; rba_eta_init=1; rba_eta=0.01'}    {'C:\Users\lxb\OneDrive\001论文\PINN\最终结果\models\x2DLinearDiffusion_Vanilla_RBA.mat'}
    {'2D linear diffusion'}    {'Vanilla-RBA'}       1      0.15783       0.10978      -1.1951      0.085683     0.23202     0.012186    {'numEpochs=500; numLayers=8; numNeurons=20; miniBatchSize=1000; initialLearnRate=0.01; decayRate=0.005; numInternalCollocationPoints=10000; executionEnvironment=gpu; c=1; Tlimit=1; rba_gamma=0.999; rba_eta_init=1; rba_eta=0.01'}    {'C:\Users\lxb\OneDrive\001论文\PINN\最终结果\models\x2DLinearDiffusion_Vanilla_RBA.mat'}
    {'2D linear diffusion'}    {'RBA-BC'     }       0      0.00125      0.000948      0.99994    0.00072649    0.002423    0.0029121    {'numEpochs=500; numLayers=8; numNeurons=20; miniBatchSize=1000; initialLearnRate=0.01; decayRate=0.005; numInternalCollocationPoints=10000; executionEnvironment=gpu; c=1; Tlimit=1; rba_gamma=0.999; rba_eta_init=1; rba_eta=0.01'}    {'C:\Users\lxb\OneDrive\001论文\PINN\最终结果\models\x2DLinearDiffusion_RBA_BC.mat'     }
    {'2D linear diffusion'}    {'RBA-BC'     }    0.25      0.14943       0.11058    -0.066904       0.08592     0.22886    0.0029121    {'numEpochs=500; numLayers=8; numNeurons=20; miniBatchSize=1000; initialLearnRate=0.01; decayRate=0.005; numInternalCollocationPoints=10000; executionEnvironment=gpu; c=1; Tlimit=1; rba_gamma=0.999; rba_eta_init=1; rba_eta=0.01'}    {'C:\Users\lxb\OneDrive\001论文\PINN\最终结果\models\x2DLinearDiffusion_RBA_BC.mat'     }
    {'2D linear diffusion'}    {'RBA-BC'     }    0.75      0.17095       0.12111      -1.0916      0.094043     0.25188    0.0029121    {'numEpochs=500; numLayers=8; numNeurons=20; miniBatchSize=1000; initialLearnRate=0.01; decayRate=0.005; numInternalCollocationPoints=10000; executionEnvironment=gpu; c=1; Tlimit=1; rba_gamma=0.999; rba_eta_init=1; rba_eta=0.01'}    {'C:\Users\lxb\OneDrive\001论文\PINN\最终结果\models\x2DLinearDiffusion_RBA_BC.mat'     }
    {'2D linear diffusion'}    {'RBA-BC'     }       1      0.15713       0.10929      -1.1757      0.084914     0.22767    0.0029121    {'numEpochs=500; numLayers=8; numNeurons=20; miniBatchSize=1000; initialLearnRate=0.01; decayRate=0.005; numInternalCollocationPoints=10000; executionEnvironment=gpu; c=1; Tlimit=1; rba_gamma=0.999; rba_eta_init=1; rba_eta=0.01'}    {'C:\Users\lxb\OneDrive\001论文\PINN\最终结果\models\x2DLinearDiffusion_RBA_BC.mat'     }

