[2026-06-24 13:09:36] [............................] case=1D nonlinear diffusion model=Vanilla-RBA status=RUNNING epoch=1/500 percent=0.20% loss=12.8276 elapsed=00:00:00 ETA=00:03:11 message=
[2026-06-24 13:09:37] [#...........................] case=1D nonlinear diffusion model=Vanilla-RBA status=RUNNING epoch=10/500 percent=2.00% loss=0.2321 elapsed=00:00:01 ETA=00:01:00 message=
[2026-06-24 13:09:38] [#...........................] case=1D nonlinear diffusion model=Vanilla-RBA status=RUNNING epoch=20/500 percent=4.00% loss=0.050444 elapsed=00:00:02 ETA=00:00:48 message=
[2026-06-24 13:09:38] [##..........................] case=1D nonlinear diffusion model=Vanilla-RBA status=RUNNING epoch=30/500 percent=6.00% loss=0.0136656 elapsed=00:00:02 ETA=00:00:43 message=
[2026-06-24 13:09:39] [##..........................] case=1D nonlinear diffusion model=Vanilla-RBA status=RUNNING epoch=40/500 percent=8.00% loss=0.0122271 elapsed=00:00:03 ETA=00:00:40 message=
[2026-06-24 13:09:40] [###.........................] case=1D nonlinear diffusion model=Vanilla-RBA status=RUNNING epoch=50/500 percent=10.00% loss=0.0090381 elapsed=00:00:04 ETA=00:00:38 message=
[2026-06-24 13:09:41] [###.........................] case=1D nonlinear diffusion model=Vanilla-RBA status=RUNNING epoch=60/500 percent=12.00% loss=0.00628336 elapsed=00:00:05 ETA=00:00:37 message=
[2026-06-24 13:09:41] [####........................] case=1D nonlinear diffusion model=Vanilla-RBA status=RUNNING epoch=70/500 percent=14.00% loss=0.00478258 elapsed=00:00:05 ETA=00:00:36 message=
[2026-06-24 13:09:42] [####........................] case=1D nonlinear diffusion model=Vanilla-RBA status=RUNNING epoch=80/500 percent=16.00% loss=0.00388936 elapsed=00:00:06 ETA=00:00:35 message=
[2026-06-24 13:09:43] [#####.......................] case=1D nonlinear diffusion model=Vanilla-RBA status=RUNNING epoch=90/500 percent=18.00% loss=0.00347682 elapsed=00:00:07 ETA=00:00:34 message=
[2026-06-24 13:09:44] [######......................] case=1D nonlinear diffusion model=Vanilla-RBA status=RUNNING epoch=100/500 percent=20.00% loss=0.00319019 elapsed=00:00:08 ETA=00:00:32 message=
[2026-06-24 13:09:45] [######......................] case=1D nonlinear diffusion model=Vanilla-RBA status=RUNNING epoch=110/500 percent=22.00% loss=0.00305213 elapsed=00:00:09 ETA=00:00:32 message=
[2026-06-24 13:09:45] [#######.....................] case=1D nonlinear diffusion model=Vanilla-RBA status=RUNNING epoch=120/500 percent=24.00% loss=0.00285312 elapsed=00:00:09 ETA=00:00:31 message=
[2026-06-24 13:09:46] [#######.....................] case=1D nonlinear diffusion model=Vanilla-RBA status=RUNNING epoch=130/500 percent=26.00% loss=0.00269407 elapsed=00:00:10 ETA=00:00:30 message=
[2026-06-24 13:09:47] [########....................] case=1D nonlinear diffusion model=Vanilla-RBA status=RUNNING epoch=140/500 percent=28.00% loss=0.00258668 elapsed=00:00:11 ETA=00:00:29 message=
[2026-06-24 13:09:48] [########....................] case=1D nonlinear diffusion model=Vanilla-RBA status=RUNNING epoch=150/500 percent=30.00% loss=0.00249009 elapsed=00:00:12 ETA=00:00:28 message=
[2026-06-24 13:09:49] [#########...................] case=1D nonlinear diffusion model=Vanilla-RBA status=RUNNING epoch=160/500 percent=32.00% loss=0.00240149 elapsed=00:00:13 ETA=00:00:28 message=
[2026-06-24 13:09:50] [##########..................] case=1D nonlinear diffusion model=Vanilla-RBA status=RUNNING epoch=170/500 percent=34.00% loss=0.00231074 elapsed=00:00:13 ETA=00:00:27 message=
[2026-06-24 13:09:50] [##########..................] case=1D nonlinear diffusion model=Vanilla-RBA status=RUNNING epoch=180/500 percent=36.00% loss=0.00224529 elapsed=00:00:14 ETA=00:00:26 message=
[2026-06-24 13:09:51] [###########.................] case=1D nonlinear diffusion model=Vanilla-RBA status=RUNNING epoch=190/500 percent=38.00% loss=0.00218901 elapsed=00:00:15 ETA=00:00:25 message=
[2026-06-24 13:09:52] [###########.................] case=1D nonlinear diffusion model=Vanilla-RBA status=RUNNING epoch=200/500 percent=40.00% loss=0.00213734 elapsed=00:00:16 ETA=00:00:24 message=
[2026-06-24 13:09:53] [############................] case=1D nonlinear diffusion model=Vanilla-RBA status=RUNNING epoch=210/500 percent=42.00% loss=0.00205383 elapsed=00:00:17 ETA=00:00:23 message=
[2026-06-24 13:09:54] [############................] case=1D nonlinear diffusion model=Vanilla-RBA status=RUNNING epoch=220/500 percent=44.00% loss=0.00199687 elapsed=00:00:18 ETA=00:00:23 message=
[2026-06-24 13:09:55] [#############...............] case=1D nonlinear diffusion model=Vanilla-RBA status=RUNNING epoch=230/500 percent=46.00% loss=0.00193909 elapsed=00:00:18 ETA=00:00:22 message=
[2026-06-24 13:09:55] [#############...............] case=1D nonlinear diffusion model=Vanilla-RBA status=RUNNING epoch=240/500 percent=48.00% loss=0.00190373 elapsed=00:00:19 ETA=00:00:21 message=
[2026-06-24 13:09:56] [##############..............] case=1D nonlinear diffusion model=Vanilla-RBA status=RUNNING epoch=250/500 percent=50.00% loss=0.00184635 elapsed=00:00:20 ETA=00:00:20 message=
[2026-06-24 13:09:57] [###############.............] case=1D nonlinear diffusion model=Vanilla-RBA status=RUNNING epoch=260/500 percent=52.00% loss=0.00180114 elapsed=00:00:21 ETA=00:00:19 message=
[2026-06-24 13:09:58] [###############.............] case=1D nonlinear diffusion model=Vanilla-RBA status=RUNNING epoch=270/500 percent=54.00% loss=0.0017713 elapsed=00:00:22 ETA=00:00:19 message=
[2026-06-24 13:09:59] [################............] case=1D nonlinear diffusion model=Vanilla-RBA status=RUNNING epoch=280/500 percent=56.00% loss=0.00172711 elapsed=00:00:23 ETA=00:00:18 message=
[2026-06-24 13:10:00] [################............] case=1D nonlinear diffusion model=Vanilla-RBA status=RUNNING epoch=290/500 percent=58.00% loss=0.0016932 elapsed=00:00:24 ETA=00:00:17 message=
[2026-06-24 13:10:00] [#################...........] case=1D nonlinear diffusion model=Vanilla-RBA status=RUNNING epoch=300/500 percent=60.00% loss=0.00164606 elapsed=00:00:24 ETA=00:00:16 message=
[2026-06-24 13:10:01] [#################...........] case=1D nonlinear diffusion model=Vanilla-RBA status=RUNNING epoch=310/500 percent=62.00% loss=0.00160703 elapsed=00:00:25 ETA=00:00:15 message=
[2026-06-24 13:10:02] [##################..........] case=1D nonlinear diffusion model=Vanilla-RBA status=RUNNING epoch=320/500 percent=64.00% loss=0.00156962 elapsed=00:00:26 ETA=00:00:14 message=
[2026-06-24 13:10:03] [##################..........] case=1D nonlinear diffusion model=Vanilla-RBA status=RUNNING epoch=330/500 percent=66.00% loss=0.00153383 elapsed=00:00:27 ETA=00:00:14 message=
[2026-06-24 13:10:04] [###################.........] case=1D nonlinear diffusion model=Vanilla-RBA status=RUNNING epoch=340/500 percent=68.00% loss=0.00149734 elapsed=00:00:28 ETA=00:00:13 message=
[2026-06-24 13:10:05] [####################........] case=1D nonlinear diffusion model=Vanilla-RBA status=RUNNING epoch=350/500 percent=70.00% loss=0.00147395 elapsed=00:00:29 ETA=00:00:12 message=
[2026-06-24 13:10:05] [####################........] case=1D nonlinear diffusion model=Vanilla-RBA status=RUNNING epoch=360/500 percent=72.00% loss=0.00143492 elapsed=00:00:29 ETA=00:00:11 message=
[2026-06-24 13:10:06] [#####################.......] case=1D nonlinear diffusion model=Vanilla-RBA status=RUNNING epoch=370/500 percent=74.00% loss=0.00140838 elapsed=00:00:30 ETA=00:00:10 message=
[2026-06-24 13:10:07] [#####################.......] case=1D nonlinear diffusion model=Vanilla-RBA status=RUNNING epoch=380/500 percent=76.00% loss=0.00136802 elapsed=00:00:31 ETA=00:00:09 message=
[2026-06-24 13:10:08] [######################......] case=1D nonlinear diffusion model=Vanilla-RBA status=RUNNING epoch=390/500 percent=78.00% loss=0.00133319 elapsed=00:00:32 ETA=00:00:09 message=
[2026-06-24 13:10:09] [######################......] case=1D nonlinear diffusion model=Vanilla-RBA status=RUNNING epoch=400/500 percent=80.00% loss=0.00129409 elapsed=00:00:33 ETA=00:00:08 message=
[2026-06-24 13:10:10] [#######################.....] case=1D nonlinear diffusion model=Vanilla-RBA status=RUNNING epoch=410/500 percent=82.00% loss=0.0012587 elapsed=00:00:34 ETA=00:00:07 message=
[2026-06-24 13:10:11] [########################....] case=1D nonlinear diffusion model=Vanilla-RBA status=RUNNING epoch=420/500 percent=84.00% loss=0.00121972 elapsed=00:00:35 ETA=00:00:06 message=
[2026-06-24 13:10:11] [########################....] case=1D nonlinear diffusion model=Vanilla-RBA status=RUNNING epoch=430/500 percent=86.00% loss=0.00118578 elapsed=00:00:35 ETA=00:00:05 message=
[2026-06-24 13:10:12] [#########################...] case=1D nonlinear diffusion model=Vanilla-RBA status=RUNNING epoch=440/500 percent=88.00% loss=0.00114108 elapsed=00:00:36 ETA=00:00:05 message=
[2026-06-24 13:10:13] [#########################...] case=1D nonlinear diffusion model=Vanilla-RBA status=RUNNING epoch=450/500 percent=90.00% loss=0.00111151 elapsed=00:00:37 ETA=00:00:04 message=
[2026-06-24 13:10:14] [##########################..] case=1D nonlinear diffusion model=Vanilla-RBA status=RUNNING epoch=460/500 percent=92.00% loss=0.00107635 elapsed=00:00:38 ETA=00:00:03 message=
[2026-06-24 13:10:15] [##########################..] case=1D nonlinear diffusion model=Vanilla-RBA status=RUNNING epoch=470/500 percent=94.00% loss=0.00104708 elapsed=00:00:39 ETA=00:00:02 message=
[2026-06-24 13:10:16] [###########################.] case=1D nonlinear diffusion model=Vanilla-RBA status=RUNNING epoch=480/500 percent=96.00% loss=0.00100206 elapsed=00:00:40 ETA=00:00:01 message=
[2026-06-24 13:10:17] [###########################.] case=1D nonlinear diffusion model=Vanilla-RBA status=RUNNING epoch=490/500 percent=98.00% loss=0.000974326 elapsed=00:00:41 ETA=00:00:00 message=
[2026-06-24 13:10:18] [############################] case=1D nonlinear diffusion model=Vanilla-RBA status=RUNNING epoch=500/500 percent=100.00% loss=0.000927074 elapsed=00:00:42 ETA=00:00:00 message=

err =

    0.0095

    Time    Relative_L2      RMSE         R2          MAE         MaxAE  
    ____    ___________    _________    _______    _________    _________

       0      0.017202      0.014666    0.98663     0.012552     0.029796
    0.25      0.008763     0.0070261    0.99339    0.0058099      0.01668
    0.75     0.0071992     0.0052663    0.99217    0.0036941     0.015369
       1     0.0065612      0.004653    0.99157    0.0039558    0.0081598

[2026-06-24 13:10:18] [############################] case=1D nonlinear diffusion model=Vanilla-RBA status=COMPLETED epoch=500/500 percent=100.00% loss=0.000927074 elapsed=NaN ETA=00:00:00 message=Finished model
