[2026-06-24 13:10:19] [............................] case=1D nonlinear diffusion model=RBA-BC status=RUNNING epoch=1/500 percent=0.20% loss=1.53009 elapsed=00:00:00 ETA=00:02:29 message=
[2026-06-24 13:10:20] [#...........................] case=1D nonlinear diffusion model=RBA-BC status=RUNNING epoch=10/500 percent=2.00% loss=0.0073341 elapsed=00:00:00 ETA=00:00:48 message=
[2026-06-24 13:10:21] [#...........................] case=1D nonlinear diffusion model=RBA-BC status=RUNNING epoch=20/500 percent=4.00% loss=0.0165778 elapsed=00:00:01 ETA=00:00:40 message=
[2026-06-24 13:10:21] [##..........................] case=1D nonlinear diffusion model=RBA-BC status=RUNNING epoch=30/500 percent=6.00% loss=0.0233199 elapsed=00:00:02 ETA=00:00:36 message=
[2026-06-24 13:10:22] [##..........................] case=1D nonlinear diffusion model=RBA-BC status=RUNNING epoch=40/500 percent=8.00% loss=0.00638366 elapsed=00:00:03 ETA=00:00:34 message=
[2026-06-24 13:10:23] [###.........................] case=1D nonlinear diffusion model=RBA-BC status=RUNNING epoch=50/500 percent=10.00% loss=0.00544112 elapsed=00:00:03 ETA=00:00:33 message=
[2026-06-24 13:10:23] [###.........................] case=1D nonlinear diffusion model=RBA-BC status=RUNNING epoch=60/500 percent=12.00% loss=0.00571256 elapsed=00:00:04 ETA=00:00:32 message=
[2026-06-24 13:10:24] [####........................] case=1D nonlinear diffusion model=RBA-BC status=RUNNING epoch=70/500 percent=14.00% loss=0.00653288 elapsed=00:00:04 ETA=00:00:30 message=
[2026-06-24 13:10:25] [####........................] case=1D nonlinear diffusion model=RBA-BC status=RUNNING epoch=80/500 percent=16.00% loss=0.00726022 elapsed=00:00:05 ETA=00:00:29 message=
[2026-06-24 13:10:25] [#####.......................] case=1D nonlinear diffusion model=RBA-BC status=RUNNING epoch=90/500 percent=18.00% loss=0.00785108 elapsed=00:00:06 ETA=00:00:28 message=
[2026-06-24 13:10:26] [######......................] case=1D nonlinear diffusion model=RBA-BC status=RUNNING epoch=100/500 percent=20.00% loss=0.00841561 elapsed=00:00:07 ETA=00:00:28 message=
[2026-06-24 13:10:27] [######......................] case=1D nonlinear diffusion model=RBA-BC status=RUNNING epoch=110/500 percent=22.00% loss=0.00928806 elapsed=00:00:07 ETA=00:00:27 message=
[2026-06-24 13:10:27] [#######.....................] case=1D nonlinear diffusion model=RBA-BC status=RUNNING epoch=120/500 percent=24.00% loss=0.0104329 elapsed=00:00:08 ETA=00:00:26 message=
[2026-06-24 13:10:28] [#######.....................] case=1D nonlinear diffusion model=RBA-BC status=RUNNING epoch=130/500 percent=26.00% loss=0.0115829 elapsed=00:00:09 ETA=00:00:25 message=
[2026-06-24 13:10:29] [########....................] case=1D nonlinear diffusion model=RBA-BC status=RUNNING epoch=140/500 percent=28.00% loss=0.012365 elapsed=00:00:09 ETA=00:00:24 message=
[2026-06-24 13:10:29] [########....................] case=1D nonlinear diffusion model=RBA-BC status=RUNNING epoch=150/500 percent=30.00% loss=0.0127588 elapsed=00:00:10 ETA=00:00:24 message=
[2026-06-24 13:10:30] [#########...................] case=1D nonlinear diffusion model=RBA-BC status=RUNNING epoch=160/500 percent=32.00% loss=0.0129118 elapsed=00:00:11 ETA=00:00:23 message=
[2026-06-24 13:10:31] [##########..................] case=1D nonlinear diffusion model=RBA-BC status=RUNNING epoch=170/500 percent=34.00% loss=0.0128413 elapsed=00:00:11 ETA=00:00:22 message=
[2026-06-24 13:10:31] [##########..................] case=1D nonlinear diffusion model=RBA-BC status=RUNNING epoch=180/500 percent=36.00% loss=0.0127184 elapsed=00:00:12 ETA=00:00:22 message=
[2026-06-24 13:10:32] [###########.................] case=1D nonlinear diffusion model=RBA-BC status=RUNNING epoch=190/500 percent=38.00% loss=0.0125312 elapsed=00:00:13 ETA=00:00:21 message=
[2026-06-24 13:10:33] [###########.................] case=1D nonlinear diffusion model=RBA-BC status=RUNNING epoch=200/500 percent=40.00% loss=0.0122644 elapsed=00:00:13 ETA=00:00:20 message=
[2026-06-24 13:10:34] [############................] case=1D nonlinear diffusion model=RBA-BC status=RUNNING epoch=210/500 percent=42.00% loss=0.0119429 elapsed=00:00:14 ETA=00:00:20 message=
[2026-06-24 13:10:34] [############................] case=1D nonlinear diffusion model=RBA-BC status=RUNNING epoch=220/500 percent=44.00% loss=0.0115846 elapsed=00:00:15 ETA=00:00:19 message=
[2026-06-24 13:10:35] [#############...............] case=1D nonlinear diffusion model=RBA-BC status=RUNNING epoch=230/500 percent=46.00% loss=0.0111957 elapsed=00:00:16 ETA=00:00:18 message=
[2026-06-24 13:10:36] [#############...............] case=1D nonlinear diffusion model=RBA-BC status=RUNNING epoch=240/500 percent=48.00% loss=0.0107885 elapsed=00:00:16 ETA=00:00:18 message=
[2026-06-24 13:10:36] [##############..............] case=1D nonlinear diffusion model=RBA-BC status=RUNNING epoch=250/500 percent=50.00% loss=0.010363 elapsed=00:00:17 ETA=00:00:17 message=
[2026-06-24 13:10:37] [###############.............] case=1D nonlinear diffusion model=RBA-BC status=RUNNING epoch=260/500 percent=52.00% loss=0.00994321 elapsed=00:00:18 ETA=00:00:16 message=
[2026-06-24 13:10:38] [###############.............] case=1D nonlinear diffusion model=RBA-BC status=RUNNING epoch=270/500 percent=54.00% loss=0.00952797 elapsed=00:00:18 ETA=00:00:16 message=
[2026-06-24 13:10:39] [################............] case=1D nonlinear diffusion model=RBA-BC status=RUNNING epoch=280/500 percent=56.00% loss=0.00909389 elapsed=00:00:19 ETA=00:00:15 message=
[2026-06-24 13:10:39] [################............] case=1D nonlinear diffusion model=RBA-BC status=RUNNING epoch=290/500 percent=58.00% loss=0.00869769 elapsed=00:00:20 ETA=00:00:14 message=
[2026-06-24 13:10:40] [#################...........] case=1D nonlinear diffusion model=RBA-BC status=RUNNING epoch=300/500 percent=60.00% loss=0.00831301 elapsed=00:00:21 ETA=00:00:14 message=
[2026-06-24 13:10:41] [#################...........] case=1D nonlinear diffusion model=RBA-BC status=RUNNING epoch=310/500 percent=62.00% loss=0.00793539 elapsed=00:00:21 ETA=00:00:13 message=
[2026-06-24 13:10:41] [##################..........] case=1D nonlinear diffusion model=RBA-BC status=RUNNING epoch=320/500 percent=64.00% loss=0.00758482 elapsed=00:00:22 ETA=00:00:12 message=
[2026-06-24 13:10:42] [##################..........] case=1D nonlinear diffusion model=RBA-BC status=RUNNING epoch=330/500 percent=66.00% loss=0.00724617 elapsed=00:00:23 ETA=00:00:11 message=
[2026-06-24 13:10:43] [###################.........] case=1D nonlinear diffusion model=RBA-BC status=RUNNING epoch=340/500 percent=68.00% loss=0.00695393 elapsed=00:00:23 ETA=00:00:11 message=
[2026-06-24 13:10:43] [####################........] case=1D nonlinear diffusion model=RBA-BC status=RUNNING epoch=350/500 percent=70.00% loss=0.00659358 elapsed=00:00:24 ETA=00:00:10 message=
[2026-06-24 13:10:44] [####################........] case=1D nonlinear diffusion model=RBA-BC status=RUNNING epoch=360/500 percent=72.00% loss=0.00628049 elapsed=00:00:25 ETA=00:00:09 message=
[2026-06-24 13:10:45] [#####################.......] case=1D nonlinear diffusion model=RBA-BC status=RUNNING epoch=370/500 percent=74.00% loss=0.00593879 elapsed=00:00:25 ETA=00:00:09 message=
[2026-06-24 13:10:46] [#####################.......] case=1D nonlinear diffusion model=RBA-BC status=RUNNING epoch=380/500 percent=76.00% loss=0.0056187 elapsed=00:00:26 ETA=00:00:08 message=
[2026-06-24 13:10:46] [######################......] case=1D nonlinear diffusion model=RBA-BC status=RUNNING epoch=390/500 percent=78.00% loss=0.00529068 elapsed=00:00:27 ETA=00:00:07 message=
[2026-06-24 13:10:47] [######################......] case=1D nonlinear diffusion model=RBA-BC status=RUNNING epoch=400/500 percent=80.00% loss=0.00502529 elapsed=00:00:27 ETA=00:00:06 message=
[2026-06-24 13:10:48] [#######################.....] case=1D nonlinear diffusion model=RBA-BC status=RUNNING epoch=410/500 percent=82.00% loss=0.00472253 elapsed=00:00:28 ETA=00:00:06 message=
[2026-06-24 13:10:48] [########################....] case=1D nonlinear diffusion model=RBA-BC status=RUNNING epoch=420/500 percent=84.00% loss=0.00449362 elapsed=00:00:29 ETA=00:00:05 message=
[2026-06-24 13:10:49] [########################....] case=1D nonlinear diffusion model=RBA-BC status=RUNNING epoch=430/500 percent=86.00% loss=0.00425919 elapsed=00:00:29 ETA=00:00:04 message=
[2026-06-24 13:10:50] [#########################...] case=1D nonlinear diffusion model=RBA-BC status=RUNNING epoch=440/500 percent=88.00% loss=0.00406016 elapsed=00:00:30 ETA=00:00:04 message=
[2026-06-24 13:10:50] [#########################...] case=1D nonlinear diffusion model=RBA-BC status=RUNNING epoch=450/500 percent=90.00% loss=0.00387836 elapsed=00:00:31 ETA=00:00:03 message=
[2026-06-24 13:10:51] [##########################..] case=1D nonlinear diffusion model=RBA-BC status=RUNNING epoch=460/500 percent=92.00% loss=0.00371615 elapsed=00:00:32 ETA=00:00:02 message=
[2026-06-24 13:10:52] [##########################..] case=1D nonlinear diffusion model=RBA-BC status=RUNNING epoch=470/500 percent=94.00% loss=0.00351018 elapsed=00:00:32 ETA=00:00:02 message=
[2026-06-24 13:10:52] [###########################.] case=1D nonlinear diffusion model=RBA-BC status=RUNNING epoch=480/500 percent=96.00% loss=0.00331954 elapsed=00:00:33 ETA=00:00:01 message=
[2026-06-24 13:10:53] [###########################.] case=1D nonlinear diffusion model=RBA-BC status=RUNNING epoch=490/500 percent=98.00% loss=0.00311355 elapsed=00:00:34 ETA=00:00:00 message=
[2026-06-24 13:10:54] [############################] case=1D nonlinear diffusion model=RBA-BC status=RUNNING epoch=500/500 percent=100.00% loss=0.00290891 elapsed=00:00:34 ETA=00:00:00 message=

err =

    0.0049

    Time    Relative_L2      RMSE         R2          MAE         MaxAE  
    ____    ___________    _________    _______    _________    _________

       0     0.0060674     0.0051727    0.99834    0.0043967    0.0089077
    0.25     0.0045372     0.0036379    0.99823    0.0030201    0.0056283
    0.75     0.0042336      0.003097    0.99729    0.0027021    0.0057178
       1     0.0077302     0.0054821     0.9883    0.0043161     0.010749

[2026-06-24 13:10:54] [############################] case=1D nonlinear diffusion model=RBA-BC status=COMPLETED epoch=500/500 percent=100.00% loss=0.00290891 elapsed=NaN ETA=00:00:00 message=Finished model
