[2026-07-10 10:55:19] [............................] case=2D nonlinear diffusion with self-drying model=Vanilla status=RUNNING epoch=1/500 percent=0.20% loss=24.9415 elapsed=00:00:02 ETA=00:21:59 message=
[2026-07-10 10:56:11] [#...........................] case=2D nonlinear diffusion with self-drying model=Vanilla status=RUNNING epoch=25/500 percent=5.00% loss=0.0427864 elapsed=00:00:54 ETA=00:17:24 message=
[2026-07-10 10:57:07] [###.........................] case=2D nonlinear diffusion with self-drying model=Vanilla status=RUNNING epoch=50/500 percent=10.00% loss=0.0279422 elapsed=00:01:50 ETA=00:16:35 message=
[2026-07-10 10:58:02] [####........................] case=2D nonlinear diffusion with self-drying model=Vanilla status=RUNNING epoch=75/500 percent=15.00% loss=0.0230986 elapsed=00:02:45 ETA=00:15:37 message=
[2026-07-10 10:58:56] [######......................] case=2D nonlinear diffusion with self-drying model=Vanilla status=RUNNING epoch=100/500 percent=20.00% loss=0.0202236 elapsed=00:03:40 ETA=00:14:40 message=
[2026-07-10 10:59:51] [#######.....................] case=2D nonlinear diffusion with self-drying model=Vanilla status=RUNNING epoch=125/500 percent=25.00% loss=0.0181252 elapsed=00:04:34 ETA=00:13:44 message=
[2026-07-10 11:00:47] [########....................] case=2D nonlinear diffusion with self-drying model=Vanilla status=RUNNING epoch=150/500 percent=30.00% loss=0.0164826 elapsed=00:05:30 ETA=00:12:51 message=
[2026-07-10 11:01:44] [##########..................] case=2D nonlinear diffusion with self-drying model=Vanilla status=RUNNING epoch=175/500 percent=35.00% loss=0.0151117 elapsed=00:06:27 ETA=00:12:00 message=
[2026-07-10 11:02:39] [###########.................] case=2D nonlinear diffusion with self-drying model=Vanilla status=RUNNING epoch=200/500 percent=40.00% loss=0.0139507 elapsed=00:07:22 ETA=00:11:03 message=
[2026-07-10 11:03:34] [#############...............] case=2D nonlinear diffusion with self-drying model=Vanilla status=RUNNING epoch=225/500 percent=45.00% loss=0.0129015 elapsed=00:08:17 ETA=00:10:08 message=
[2026-07-10 11:04:33] [##############..............] case=2D nonlinear diffusion with self-drying model=Vanilla status=RUNNING epoch=250/500 percent=50.00% loss=0.0119566 elapsed=00:09:16 ETA=00:09:16 message=
[2026-07-10 11:05:33] [###############.............] case=2D nonlinear diffusion with self-drying model=Vanilla status=RUNNING epoch=275/500 percent=55.00% loss=0.0111006 elapsed=00:10:16 ETA=00:08:24 message=
[2026-07-10 11:06:28] [#################...........] case=2D nonlinear diffusion with self-drying model=Vanilla status=RUNNING epoch=300/500 percent=60.00% loss=0.010306 elapsed=00:11:12 ETA=00:07:28 message=
[2026-07-10 11:07:22] [##################..........] case=2D nonlinear diffusion with self-drying model=Vanilla status=RUNNING epoch=325/500 percent=65.00% loss=0.0095901 elapsed=00:12:05 ETA=00:06:30 message=
[2026-07-10 11:08:09] [####################........] case=2D nonlinear diffusion with self-drying model=Vanilla status=RUNNING epoch=350/500 percent=70.00% loss=0.00892905 elapsed=00:12:52 ETA=00:05:31 message=
[2026-07-10 11:09:05] [#####################.......] case=2D nonlinear diffusion with self-drying model=Vanilla status=RUNNING epoch=375/500 percent=75.00% loss=0.00832615 elapsed=00:13:48 ETA=00:04:36 message=
[2026-07-10 11:10:00] [######################......] case=2D nonlinear diffusion with self-drying model=Vanilla status=RUNNING epoch=400/500 percent=80.00% loss=0.00779278 elapsed=00:14:44 ETA=00:03:41 message=
[2026-07-10 11:10:56] [########################....] case=2D nonlinear diffusion with self-drying model=Vanilla status=RUNNING epoch=425/500 percent=85.00% loss=0.00731285 elapsed=00:15:39 ETA=00:02:45 message=
[2026-07-10 11:11:50] [#########################...] case=2D nonlinear diffusion with self-drying model=Vanilla status=RUNNING epoch=450/500 percent=90.00% loss=0.0069168 elapsed=00:16:34 ETA=00:01:50 message=
[2026-07-10 11:12:46] [###########################.] case=2D nonlinear diffusion with self-drying model=Vanilla status=RUNNING epoch=475/500 percent=95.00% loss=0.00657997 elapsed=00:17:29 ETA=00:00:55 message=
[2026-07-10 11:13:41] [############################] case=2D nonlinear diffusion with self-drying model=Vanilla status=RUNNING epoch=500/500 percent=100.00% loss=0.00625068 elapsed=00:18:25 ETA=00:00:00 message=
t = 0.00, legacy L2 = 6.79147627e-03
t = 0.03, legacy L2 = 5.46064116e-03
t = 0.07, legacy L2 = 3.51597721e-03
t = 0.10, legacy L2 = 2.72079561e-03
    Time     Relative_L2      RMSE        R2         MAE        MaxAE  
    _____    ___________    ________    _______    ________    ________

        0     0.077933      0.059151    0.75926    0.041181     0.14935
    0.025     0.069995      0.052704    0.77562    0.038617      0.1202
    0.075     0.056578      0.041748    0.81234    0.032487    0.084499
      0.1     0.050041      0.036488    0.83583    0.028779    0.072479

[2026-07-10 11:13:43] [############################] case=2D nonlinear diffusion with self-drying model=Vanilla status=COMPLETED epoch=500/500 percent=100.00% loss=0.00625068 elapsed=NaN ETA=00:00:00 message=Finished model
