[2026-07-10 10:43:17] [............................] case=2D nonlinear diffusion model=BC status=RUNNING epoch=1/500 percent=0.20% loss=0.163591 elapsed=00:00:00 ETA=00:07:23 message=
[2026-07-10 10:43:54] [#...........................] case=2D nonlinear diffusion model=BC status=RUNNING epoch=25/500 percent=5.00% loss=0.00323931 elapsed=00:00:37 ETA=00:12:01 message=
[2026-07-10 10:44:19] [###.........................] case=2D nonlinear diffusion model=BC status=RUNNING epoch=50/500 percent=10.00% loss=0.00165493 elapsed=00:01:02 ETA=00:09:19 message=
[2026-07-10 10:44:31] [####........................] case=2D nonlinear diffusion model=BC status=RUNNING epoch=75/500 percent=15.00% loss=0.00123655 elapsed=00:01:14 ETA=00:07:02 message=
[2026-07-10 10:44:43] [######......................] case=2D nonlinear diffusion model=BC status=RUNNING epoch=100/500 percent=20.00% loss=0.00103286 elapsed=00:01:26 ETA=00:05:47 message=
[2026-07-10 10:44:55] [#######.....................] case=2D nonlinear diffusion model=BC status=RUNNING epoch=125/500 percent=25.00% loss=0.000900895 elapsed=00:01:38 ETA=00:04:56 message=
[2026-07-10 10:45:07] [########....................] case=2D nonlinear diffusion model=BC status=RUNNING epoch=150/500 percent=30.00% loss=0.000804801 elapsed=00:01:51 ETA=00:04:19 message=
[2026-07-10 10:45:20] [##########..................] case=2D nonlinear diffusion model=BC status=RUNNING epoch=175/500 percent=35.00% loss=0.000728298 elapsed=00:02:03 ETA=00:03:48 message=
[2026-07-10 10:45:32] [###########.................] case=2D nonlinear diffusion model=BC status=RUNNING epoch=200/500 percent=40.00% loss=0.000663561 elapsed=00:02:15 ETA=00:03:22 message=
[2026-07-10 10:45:44] [#############...............] case=2D nonlinear diffusion model=BC status=RUNNING epoch=225/500 percent=45.00% loss=0.000610919 elapsed=00:02:27 ETA=00:03:00 message=
[2026-07-10 10:45:56] [##############..............] case=2D nonlinear diffusion model=BC status=RUNNING epoch=250/500 percent=50.00% loss=0.00056337 elapsed=00:02:40 ETA=00:02:40 message=
[2026-07-10 10:46:08] [###############.............] case=2D nonlinear diffusion model=BC status=RUNNING epoch=275/500 percent=55.00% loss=0.000521542 elapsed=00:02:51 ETA=00:02:20 message=
[2026-07-10 10:46:21] [#################...........] case=2D nonlinear diffusion model=BC status=RUNNING epoch=300/500 percent=60.00% loss=0.000487998 elapsed=00:03:04 ETA=00:02:02 message=
[2026-07-10 10:46:33] [##################..........] case=2D nonlinear diffusion model=BC status=RUNNING epoch=325/500 percent=65.00% loss=0.000453156 elapsed=00:03:16 ETA=00:01:45 message=
[2026-07-10 10:46:45] [####################........] case=2D nonlinear diffusion model=BC status=RUNNING epoch=350/500 percent=70.00% loss=0.00042458 elapsed=00:03:28 ETA=00:01:29 message=
[2026-07-10 10:46:58] [#####################.......] case=2D nonlinear diffusion model=BC status=RUNNING epoch=375/500 percent=75.00% loss=0.000397237 elapsed=00:03:41 ETA=00:01:13 message=
[2026-07-10 10:47:10] [######################......] case=2D nonlinear diffusion model=BC status=RUNNING epoch=400/500 percent=80.00% loss=0.000373335 elapsed=00:03:53 ETA=00:00:58 message=
[2026-07-10 10:47:22] [########################....] case=2D nonlinear diffusion model=BC status=RUNNING epoch=425/500 percent=85.00% loss=0.000343284 elapsed=00:04:05 ETA=00:00:43 message=
[2026-07-10 10:47:34] [#########################...] case=2D nonlinear diffusion model=BC status=RUNNING epoch=450/500 percent=90.00% loss=0.000316855 elapsed=00:04:17 ETA=00:00:28 message=
[2026-07-10 10:47:47] [###########################.] case=2D nonlinear diffusion model=BC status=RUNNING epoch=475/500 percent=95.00% loss=0.000301016 elapsed=00:04:30 ETA=00:00:14 message=
[2026-07-10 10:47:59] [############################] case=2D nonlinear diffusion model=BC status=RUNNING epoch=500/500 percent=100.00% loss=0.000276358 elapsed=00:04:42 ETA=00:00:00 message=
t = 0.00, legacy L2 = 7.49083732e-07
t = 0.03, legacy L2 = 1.98099289e-07
t = 0.07, legacy L2 = 2.72723153e-07
t = 0.10, legacy L2 = 2.28632193e-07
    Time     Relative_L2       RMSE         R2          MAE          MaxAE   
    _____    ___________    __________    _______    __________    __________

        0    0.00086571     0.00065708    0.99997    0.00043929      0.002423
    0.025    0.00044504     0.00033538    0.99999    0.00025817    0.00094556
    0.075    0.00052222     0.00038765    0.99998    0.00029166     0.0010705
      0.1    0.00047816     0.00035235    0.99999    0.00026098     0.0011225

[2026-07-10 10:48:00] [############################] case=2D nonlinear diffusion model=BC status=COMPLETED epoch=500/500 percent=100.00% loss=0.000276358 elapsed=NaN ETA=00:00:00 message=Finished model
