[2026-07-12 20:29:16] [............................] case=2D nonlinear diffusion with self-drying model=Vanilla-RBA status=RUNNING epoch=1/500 percent=0.20% loss=9.92753 elapsed=00:00:01 ETA=00:09:00 message=
[2026-07-12 20:29:35] [#...........................] case=2D nonlinear diffusion with self-drying model=Vanilla-RBA status=RUNNING epoch=25/500 percent=5.00% loss=0.0328529 elapsed=00:00:19 ETA=00:06:14 message=
[2026-07-12 20:29:55] [###.........................] case=2D nonlinear diffusion with self-drying model=Vanilla-RBA status=RUNNING epoch=50/500 percent=10.00% loss=0.0263721 elapsed=00:00:39 ETA=00:05:58 message=
[2026-07-12 20:30:15] [####........................] case=2D nonlinear diffusion with self-drying model=Vanilla-RBA status=RUNNING epoch=75/500 percent=15.00% loss=0.0240778 elapsed=00:00:59 ETA=00:05:35 message=
[2026-07-12 20:30:34] [######......................] case=2D nonlinear diffusion with self-drying model=Vanilla-RBA status=RUNNING epoch=100/500 percent=20.00% loss=0.0218504 elapsed=00:01:18 ETA=00:05:15 message=
[2026-07-12 20:30:54] [#######.....................] case=2D nonlinear diffusion with self-drying model=Vanilla-RBA status=RUNNING epoch=125/500 percent=25.00% loss=0.0198339 elapsed=00:01:39 ETA=00:04:57 message=
[2026-07-12 20:31:13] [########....................] case=2D nonlinear diffusion with self-drying model=Vanilla-RBA status=RUNNING epoch=150/500 percent=30.00% loss=0.0180776 elapsed=00:01:58 ETA=00:04:35 message=
[2026-07-12 20:31:33] [##########..................] case=2D nonlinear diffusion with self-drying model=Vanilla-RBA status=RUNNING epoch=175/500 percent=35.00% loss=0.0165183 elapsed=00:02:17 ETA=00:04:15 message=
[2026-07-12 20:31:52] [###########.................] case=2D nonlinear diffusion with self-drying model=Vanilla-RBA status=RUNNING epoch=200/500 percent=40.00% loss=0.0151372 elapsed=00:02:37 ETA=00:03:55 message=
[2026-07-12 20:32:12] [#############...............] case=2D nonlinear diffusion with self-drying model=Vanilla-RBA status=RUNNING epoch=225/500 percent=45.00% loss=0.0139047 elapsed=00:02:56 ETA=00:03:35 message=
[2026-07-12 20:32:30] [##############..............] case=2D nonlinear diffusion with self-drying model=Vanilla-RBA status=RUNNING epoch=250/500 percent=50.00% loss=0.0127991 elapsed=00:03:15 ETA=00:03:15 message=
[2026-07-12 20:32:50] [###############.............] case=2D nonlinear diffusion with self-drying model=Vanilla-RBA status=RUNNING epoch=275/500 percent=55.00% loss=0.0118272 elapsed=00:03:34 ETA=00:02:55 message=
[2026-07-12 20:33:09] [#################...........] case=2D nonlinear diffusion with self-drying model=Vanilla-RBA status=RUNNING epoch=300/500 percent=60.00% loss=0.010953 elapsed=00:03:53 ETA=00:02:35 message=
[2026-07-12 20:33:28] [##################..........] case=2D nonlinear diffusion with self-drying model=Vanilla-RBA status=RUNNING epoch=325/500 percent=65.00% loss=0.0102076 elapsed=00:04:13 ETA=00:02:16 message=
[2026-07-12 20:33:48] [####################........] case=2D nonlinear diffusion with self-drying model=Vanilla-RBA status=RUNNING epoch=350/500 percent=70.00% loss=0.00955863 elapsed=00:04:32 ETA=00:01:56 message=
[2026-07-12 20:34:08] [#####################.......] case=2D nonlinear diffusion with self-drying model=Vanilla-RBA status=RUNNING epoch=375/500 percent=75.00% loss=0.00899527 elapsed=00:04:52 ETA=00:01:37 message=
[2026-07-12 20:34:27] [######################......] case=2D nonlinear diffusion with self-drying model=Vanilla-RBA status=RUNNING epoch=400/500 percent=80.00% loss=0.00846677 elapsed=00:05:11 ETA=00:01:17 message=
[2026-07-12 20:34:46] [########################....] case=2D nonlinear diffusion with self-drying model=Vanilla-RBA status=RUNNING epoch=425/500 percent=85.00% loss=0.00798283 elapsed=00:05:30 ETA=00:00:58 message=
[2026-07-12 20:35:05] [#########################...] case=2D nonlinear diffusion with self-drying model=Vanilla-RBA status=RUNNING epoch=450/500 percent=90.00% loss=0.00751373 elapsed=00:05:49 ETA=00:00:38 message=
[2026-07-12 20:35:24] [###########################.] case=2D nonlinear diffusion with self-drying model=Vanilla-RBA status=RUNNING epoch=475/500 percent=95.00% loss=0.00707289 elapsed=00:06:08 ETA=00:00:19 message=
[2026-07-12 20:35:44] [############################] case=2D nonlinear diffusion with self-drying model=Vanilla-RBA status=RUNNING epoch=500/500 percent=100.00% loss=0.00665372 elapsed=00:06:28 ETA=00:00:00 message=
t = 0.00, legacy L2 = 6.78359349e-03
t = 0.03, legacy L2 = 5.31130432e-03
t = 0.07, legacy L2 = 3.26995612e-03
t = 0.10, legacy L2 = 2.47191966e-03
    Time     Relative_L2      RMSE        R2         MAE        MaxAE  
    _____    ___________    ________    _______    ________    ________

        0     0.078225      0.059373    0.75745    0.041889     0.15288
    0.025     0.069339      0.052211    0.77981    0.038216     0.12114
    0.075     0.054806      0.040441    0.82391    0.030879    0.084841
      0.1     0.047902      0.034929    0.84956    0.026789    0.072771

[2026-07-12 20:35:45] [############################] case=2D nonlinear diffusion with self-drying model=Vanilla-RBA status=COMPLETED epoch=500/500 percent=100.00% loss=0.00665372 elapsed=NaN ETA=00:00:00 message=Finished model
