[2026-07-10 10:48:03] [............................] case=2D nonlinear diffusion model=RBA-BC status=RUNNING epoch=1/500 percent=0.20% loss=0.0455295 elapsed=00:00:00 ETA=00:07:18 message=
[2026-07-10 10:48:16] [#...........................] case=2D nonlinear diffusion model=RBA-BC status=RUNNING epoch=25/500 percent=5.00% loss=0.0126696 elapsed=00:00:14 ETA=00:04:28 message=
[2026-07-10 10:48:29] [###.........................] case=2D nonlinear diffusion model=RBA-BC status=RUNNING epoch=50/500 percent=10.00% loss=0.00683079 elapsed=00:00:27 ETA=00:04:03 message=
[2026-07-10 10:48:42] [####........................] case=2D nonlinear diffusion model=RBA-BC status=RUNNING epoch=75/500 percent=15.00% loss=0.00570214 elapsed=00:00:40 ETA=00:03:47 message=
[2026-07-10 10:48:55] [######......................] case=2D nonlinear diffusion model=RBA-BC status=RUNNING epoch=100/500 percent=20.00% loss=0.00519782 elapsed=00:00:53 ETA=00:03:33 message=
[2026-07-10 10:49:08] [#######.....................] case=2D nonlinear diffusion model=RBA-BC status=RUNNING epoch=125/500 percent=25.00% loss=0.00469852 elapsed=00:01:06 ETA=00:03:19 message=
[2026-07-10 10:49:21] [########....................] case=2D nonlinear diffusion model=RBA-BC status=RUNNING epoch=150/500 percent=30.00% loss=0.00432991 elapsed=00:01:19 ETA=00:03:04 message=
[2026-07-10 10:49:34] [##########..................] case=2D nonlinear diffusion model=RBA-BC status=RUNNING epoch=175/500 percent=35.00% loss=0.00421927 elapsed=00:01:32 ETA=00:02:51 message=
[2026-07-10 10:49:47] [###########.................] case=2D nonlinear diffusion model=RBA-BC status=RUNNING epoch=200/500 percent=40.00% loss=0.00403492 elapsed=00:01:45 ETA=00:02:37 message=
[2026-07-10 10:50:00] [#############...............] case=2D nonlinear diffusion model=RBA-BC status=RUNNING epoch=225/500 percent=45.00% loss=0.00362601 elapsed=00:01:57 ETA=00:02:23 message=
[2026-07-10 10:50:13] [##############..............] case=2D nonlinear diffusion model=RBA-BC status=RUNNING epoch=250/500 percent=50.00% loss=0.00332302 elapsed=00:02:10 ETA=00:02:10 message=
[2026-07-10 10:50:25] [###############.............] case=2D nonlinear diffusion model=RBA-BC status=RUNNING epoch=275/500 percent=55.00% loss=0.00303195 elapsed=00:02:23 ETA=00:01:57 message=
[2026-07-10 10:50:38] [#################...........] case=2D nonlinear diffusion model=RBA-BC status=RUNNING epoch=300/500 percent=60.00% loss=0.00279966 elapsed=00:02:36 ETA=00:01:44 message=
[2026-07-10 10:50:51] [##################..........] case=2D nonlinear diffusion model=RBA-BC status=RUNNING epoch=325/500 percent=65.00% loss=0.00256104 elapsed=00:02:49 ETA=00:01:31 message=
[2026-07-10 10:51:13] [####################........] case=2D nonlinear diffusion model=RBA-BC status=RUNNING epoch=350/500 percent=70.00% loss=0.00237909 elapsed=00:03:10 ETA=00:01:21 message=
[2026-07-10 10:51:51] [#####################.......] case=2D nonlinear diffusion model=RBA-BC status=RUNNING epoch=375/500 percent=75.00% loss=0.00224408 elapsed=00:03:49 ETA=00:01:16 message=
[2026-07-10 10:52:32] [######################......] case=2D nonlinear diffusion model=RBA-BC status=RUNNING epoch=400/500 percent=80.00% loss=0.00208302 elapsed=00:04:30 ETA=00:01:07 message=
[2026-07-10 10:53:13] [########################....] case=2D nonlinear diffusion model=RBA-BC status=RUNNING epoch=425/500 percent=85.00% loss=0.00193596 elapsed=00:05:11 ETA=00:00:54 message=
[2026-07-10 10:53:53] [#########################...] case=2D nonlinear diffusion model=RBA-BC status=RUNNING epoch=450/500 percent=90.00% loss=0.00183146 elapsed=00:05:51 ETA=00:00:39 message=
[2026-07-10 10:54:34] [###########################.] case=2D nonlinear diffusion model=RBA-BC status=RUNNING epoch=475/500 percent=95.00% loss=0.00174004 elapsed=00:06:31 ETA=00:00:20 message=
[2026-07-10 10:55:13] [############################] case=2D nonlinear diffusion model=RBA-BC status=RUNNING epoch=500/500 percent=100.00% loss=0.00165563 elapsed=00:07:11 ETA=00:00:00 message=
t = 0.00, legacy L2 = 7.49083732e-07
t = 0.03, legacy L2 = 2.52071103e-07
t = 0.07, legacy L2 = 3.09894229e-07
t = 0.10, legacy L2 = 2.08861481e-07
    Time     Relative_L2       RMSE         R2          MAE          MaxAE  
    _____    ___________    __________    _______    __________    _________

        0    0.00086571     0.00065708    0.99997    0.00043929     0.002423
    0.025    0.00050205     0.00037835    0.99999    0.00028067    0.0013058
    0.075     0.0005567     0.00041326    0.99998    0.00031208    0.0012158
      0.1    0.00045702     0.00033677    0.99999     0.0002535    0.0011129

[2026-07-10 10:55:16] [############################] case=2D nonlinear diffusion model=RBA-BC status=COMPLETED epoch=500/500 percent=100.00% loss=0.00165563 elapsed=NaN ETA=00:00:00 message=Finished model
